{"/Users/deethya/packed/src/app/(protected)/(tabs)/submit.tsx": {"path":"/Users/deethya/packed/src/app/(protected)/(tabs)/submit.tsx","statementMap":{"0":{"start":{"line":21,"column":17},"end":{"line":21,"column":28}},"1":{"start":{"line":22,"column":19},"end":{"line":22,"column":28}},"2":{"start":{"line":23,"column":19},"end":{"line":23,"column":32}},"3":{"start":{"line":25,"column":17},"end":{"line":25,"column":25}},"4":{"start":{"line":26,"column":44},"end":{"line":31,"column":6}},"5":{"start":{"line":33,"column":42},"end":{"line":33,"column":62}},"6":{"start":{"line":34,"column":44},"end":{"line":34,"column":64}},"7":{"start":{"line":35,"column":46},"end":{"line":35,"column":71}},"8":{"start":{"line":36,"column":38},"end":{"line":36,"column":53}},"9":{"start":{"line":38,"column":2},"end":{"line":42,"column":4}},"10":{"start":{"line":40,"column":6},"end":{"line":40,"column":27}},"11":{"start":{"line":44,"column":2},"end":{"line":56,"column":17}},"12":{"start":{"line":45,"column":4},"end":{"line":55,"column":5}},"13":{"start":{"line":47,"column":6},"end":{"line":47,"column":67}},"14":{"start":{"line":48,"column":6},"end":{"line":48,"column":42}},"15":{"start":{"line":48,"column":14},"end":{"line":48,"column":42}},"16":{"start":{"line":49,"column":6},"end":{"line":49,"column":53}},"17":{"start":{"line":49,"column":19},"end":{"line":49,"column":53}},"18":{"start":{"line":50,"column":6},"end":{"line":50,"column":54}},"19":{"start":{"line":50,"column":18},"end":{"line":50,"column":54}},"20":{"start":{"line":54,"column":6},"end":{"line":54,"column":54}},"21":{"start":{"line":58,"column":20},"end":{"line":63,"column":13}},"22":{"start":{"line":59,"column":4},"end":{"line":62,"column":8}},"23":{"start":{"line":59,"column":32},"end":{"line":62,"column":5}},"24":{"start":{"line":65,"column":17},"end":{"line":68,"column":3}},"25":{"start":{"line":66,"column":10},"end":{"line":66,"column":64}},"26":{"start":{"line":66,"column":28},"end":{"line":66,"column":49}},"27":{"start":{"line":70,"column":23},"end":{"line":118,"column":3}},"28":{"start":{"line":71,"column":4},"end":{"line":74,"column":5}},"29":{"start":{"line":72,"column":6},"end":{"line":72,"column":56}},"30":{"start":{"line":73,"column":6},"end":{"line":73,"column":13}},"31":{"start":{"line":76,"column":4},"end":{"line":117,"column":5}},"32":{"start":{"line":77,"column":6},"end":{"line":77,"column":26}},"33":{"start":{"line":80,"column":31},"end":{"line":86,"column":17}},"34":{"start":{"line":88,"column":6},"end":{"line":100,"column":7}},"35":{"start":{"line":89,"column":21},"end":{"line":89,"column":51}},"36":{"start":{"line":90,"column":20},"end":{"line":90,"column":30}},"37":{"start":{"line":91,"column":21},"end":{"line":91,"column":47}},"38":{"start":{"line":93,"column":8},"end":{"line":99,"column":9}},"39":{"start":{"line":94,"column":10},"end":{"line":97,"column":12}},"40":{"start":{"line":98,"column":10},"end":{"line":98,"column":17}},"41":{"start":{"line":103,"column":6},"end":{"line":111,"column":9}},"42":{"start":{"line":115,"column":6},"end":{"line":115,"column":27}},"43":{"start":{"line":116,"column":6},"end":{"line":116,"column":37}},"44":{"start":{"line":120,"column":27},"end":{"line":148,"column":5}},"45":{"start":{"line":121,"column":21},"end":{"line":121,"column":28}},"46":{"start":{"line":124,"column":26},"end":{"line":124,"column":50}},"47":{"start":{"line":125,"column":27},"end":{"line":125,"column":57}},"48":{"start":{"line":126,"column":26},"end":{"line":126,"column":56}},"49":{"start":{"line":128,"column":24},"end":{"line":135,"column":8}},"50":{"start":{"line":137,"column":6},"end":{"line":137,"column":27}},"51":{"start":{"line":139,"column":6},"end":{"line":143,"column":7}},"52":{"start":{"line":140,"column":8},"end":{"line":140,"column":46}},"53":{"start":{"line":141,"column":8},"end":{"line":141,"column":44}},"54":{"start":{"line":142,"column":8},"end":{"line":142,"column":15}},"55":{"start":{"line":145,"column":6},"end":{"line":147,"column":9}},"56":{"start":{"line":146,"column":37},"end":{"line":146,"column":50}},"57":{"start":{"line":150,"column":2},"end":{"line":221,"column":4}},"58":{"start":{"line":168,"column":38},"end":{"line":168,"column":61}},"59":{"start":{"line":172,"column":14},"end":{"line":179,"column":33}},"60":{"start":{"line":175,"column":31},"end":{"line":175,"column":57}},"61":{"start":{"line":187,"column":36},"end":{"line":187,"column":70}},"62":{"start":{"line":192,"column":27},"end":{"line":192,"column":53}},"63":{"start":{"line":203,"column":27},"end":{"line":203,"column":54}},"64":{"start":{"line":213,"column":23},"end":{"line":213,"column":37}},"65":{"start":{"line":224,"column":15},"end":{"line":289,"column":2}}},"fnMap":{"0":{"name":"SubmitScreen","decl":{"start":{"line":20,"column":24},"end":{"line":20,"column":36}},"loc":{"start":{"line":20,"column":39},"end":{"line":222,"column":1}},"line":20},"1":{"name":"(anonymous_1)","decl":{"start":{"line":39,"column":16},"end":{"line":39,"column":17}},"loc":{"start":{"line":39,"column":22},"end":{"line":41,"column":5}},"line":39},"2":{"name":"(anonymous_2)","decl":{"start":{"line":44,"column":12},"end":{"line":44,"column":13}},"loc":{"start":{"line":44,"column":18},"end":{"line":56,"column":3}},"line":44},"3":{"name":"(anonymous_3)","decl":{"start":{"line":58,"column":28},"end":{"line":58,"column":29}},"loc":{"start":{"line":58,"column":34},"end":{"line":63,"column":3}},"line":58},"4":{"name":"(anonymous_4)","decl":{"start":{"line":59,"column":21},"end":{"line":59,"column":22}},"loc":{"start":{"line":59,"column":32},"end":{"line":62,"column":5}},"line":59},"5":{"name":"(anonymous_5)","decl":{"start":{"line":66,"column":4},"end":{"line":66,"column":5}},"loc":{"start":{"line":66,"column":10},"end":{"line":66,"column":64}},"line":66},"6":{"name":"(anonymous_6)","decl":{"start":{"line":66,"column":21},"end":{"line":66,"column":22}},"loc":{"start":{"line":66,"column":28},"end":{"line":66,"column":49}},"line":66},"7":{"name":"(anonymous_7)","decl":{"start":{"line":70,"column":23},"end":{"line":70,"column":24}},"loc":{"start":{"line":70,"column":35},"end":{"line":118,"column":3}},"line":70},"8":{"name":"(anonymous_8)","decl":{"start":{"line":120,"column":27},"end":{"line":120,"column":28}},"loc":{"start":{"line":120,"column":103},"end":{"line":148,"column":5}},"line":120},"9":{"name":"(anonymous_9)","decl":{"start":{"line":146,"column":31},"end":{"line":146,"column":32}},"loc":{"start":{"line":146,"column":37},"end":{"line":146,"column":50}},"line":146},"10":{"name":"(anonymous_10)","decl":{"start":{"line":168,"column":27},"end":{"line":168,"column":28}},"loc":{"start":{"line":168,"column":38},"end":{"line":168,"column":61}},"line":168},"11":{"name":"(anonymous_11)","decl":{"start":{"line":171,"column":24},"end":{"line":171,"column":25}},"loc":{"start":{"line":172,"column":14},"end":{"line":179,"column":33}},"line":172},"12":{"name":"(anonymous_12)","decl":{"start":{"line":175,"column":25},"end":{"line":175,"column":26}},"loc":{"start":{"line":175,"column":31},"end":{"line":175,"column":57}},"line":175},"13":{"name":"(anonymous_13)","decl":{"start":{"line":187,"column":25},"end":{"line":187,"column":26}},"loc":{"start":{"line":187,"column":36},"end":{"line":187,"column":70}},"line":187},"14":{"name":"(anonymous_14)","decl":{"start":{"line":192,"column":21},"end":{"line":192,"column":22}},"loc":{"start":{"line":192,"column":27},"end":{"line":192,"column":53}},"line":192},"15":{"name":"(anonymous_15)","decl":{"start":{"line":203,"column":21},"end":{"line":203,"column":22}},"loc":{"start":{"line":203,"column":27},"end":{"line":203,"column":54}},"line":203},"16":{"name":"(anonymous_16)","decl":{"start":{"line":213,"column":17},"end":{"line":213,"column":18}},"loc":{"start":{"line":213,"column":23},"end":{"line":213,"column":37}},"line":213}},"branchMap":{"0":{"loc":{"start":{"line":45,"column":4},"end":{"line":55,"column":5}},"type":"if","locations":[{"start":{"line":45,"column":4},"end":{"line":55,"column":5}},{"start":{},"end":{}}],"line":45},"1":{"loc":{"start":{"line":48,"column":6},"end":{"line":48,"column":42}},"type":"if","locations":[{"start":{"line":48,"column":6},"end":{"line":48,"column":42}},{"start":{},"end":{}}],"line":48},"2":{"loc":{"start":{"line":49,"column":6},"end":{"line":49,"column":53}},"type":"if","locations":[{"start":{"line":49,"column":6},"end":{"line":49,"column":53}},{"start":{},"end":{}}],"line":49},"3":{"loc":{"start":{"line":50,"column":6},"end":{"line":50,"column":54}},"type":"if","locations":[{"start":{"line":50,"column":6},"end":{"line":50,"column":54}},{"start":{},"end":{}}],"line":50},"4":{"loc":{"start":{"line":66,"column":10},"end":{"line":66,"column":64}},"type":"binary-expr","locations":[{"start":{"line":66,"column":10},"end":{"line":66,"column":58}},{"start":{"line":66,"column":62},"end":{"line":66,"column":64}}],"line":66},"5":{"loc":{"start":{"line":71,"column":4},"end":{"line":74,"column":5}},"type":"if","locations":[{"start":{"line":71,"column":4},"end":{"line":74,"column":5}},{"start":{},"end":{}}],"line":71},"6":{"loc":{"start":{"line":88,"column":6},"end":{"line":100,"column":7}},"type":"if","locations":[{"start":{"line":88,"column":6},"end":{"line":100,"column":7}},{"start":{},"end":{}}],"line":88},"7":{"loc":{"start":{"line":88,"column":10},"end":{"line":88,"column":37}},"type":"binary-expr","locations":[{"start":{"line":88,"column":10},"end":{"line":88,"column":16}},{"start":{"line":88,"column":20},"end":{"line":88,"column":37}}],"line":88},"8":{"loc":{"start":{"line":93,"column":8},"end":{"line":99,"column":9}},"type":"if","locations":[{"start":{"line":93,"column":8},"end":{"line":99,"column":9}},{"start":{},"end":{}}],"line":93},"9":{"loc":{"start":{"line":124,"column":26},"end":{"line":124,"column":50}},"type":"binary-expr","locations":[{"start":{"line":124,"column":26},"end":{"line":124,"column":34}},{"start":{"line":124,"column":38},"end":{"line":124,"column":50}}],"line":124},"10":{"loc":{"start":{"line":125,"column":27},"end":{"line":125,"column":57}},"type":"binary-expr","locations":[{"start":{"line":125,"column":27},"end":{"line":125,"column":40}},{"start":{"line":125,"column":44},"end":{"line":125,"column":57}}],"line":125},"11":{"loc":{"start":{"line":126,"column":26},"end":{"line":126,"column":56}},"type":"binary-expr","locations":[{"start":{"line":126,"column":26},"end":{"line":126,"column":38}},{"start":{"line":126,"column":42},"end":{"line":126,"column":56}}],"line":126},"12":{"loc":{"start":{"line":139,"column":6},"end":{"line":143,"column":7}},"type":"if","locations":[{"start":{"line":139,"column":6},"end":{"line":143,"column":7}},{"start":{},"end":{}}],"line":139},"13":{"loc":{"start":{"line":164,"column":7},"end":{"line":183,"column":7}},"type":"binary-expr","locations":[{"start":{"line":164,"column":7},"end":{"line":164,"column":24}},{"start":{"line":165,"column":8},"end":{"line":182,"column":15}}],"line":164},"14":{"loc":{"start":{"line":212,"column":31},"end":{"line":212,"column":66}},"type":"binary-expr","locations":[{"start":{"line":212,"column":31},"end":{"line":212,"column":41}},{"start":{"line":212,"column":45},"end":{"line":212,"column":66}}],"line":212},"15":{"loc":{"start":{"line":217,"column":11},"end":{"line":217,"column":50}},"type":"cond-expr","locations":[{"start":{"line":217,"column":24},"end":{"line":217,"column":39}},{"start":{"line":217,"column":42},"end":{"line":217,"column":50}}],"line":217}},"s":{"0":4,"1":4,"2":4,"3":4,"4":4,"5":4,"6":4,"7":4,"8":4,"9":4,"10":0,"11":4,"12":4,"13":0,"14":0,"15":0,"16":0,"17":0,"18":0,"19":0,"20":0,"21":4,"22":4,"23":4,"24":4,"25":4,"26":4,"27":4,"28":1,"29":1,"30":1,"31":0,"32":0,"33":0,"34":0,"35":0,"36":0,"37":0,"38":0,"39":0,"40":0,"41":0,"42":0,"43":0,"44":4,"45":0,"46":0,"47":0,"48":0,"49":0,"50":0,"51":0,"52":0,"53":0,"54":0,"55":0,"56":0,"57":4,"58":0,"59":0,"60":0,"61":0,"62":0,"63":0,"64":1,"65":1},"f":{"0":4,"1":0,"2":4,"3":4,"4":4,"5":4,"6":4,"7":1,"8":0,"9":0,"10":0,"11":0,"12":0,"13":0,"14":0,"15":0,"16":1},"b":{"0":[0,4],"1":[0,0],"2":[0,0],"3":[0,0],"4":[4,4],"5":[1,0],"6":[0,0],"7":[0,0],"8":[0,0],"9":[0,0],"10":[0,0],"11":[0,0],"12":[0,0],"13":[4,0],"14":[4,0],"15":[0,4]},"_coverageSchema":"1a1c01bbd47fc00a2c39e90264f33305004495a9","hash":"1cc202650331656c725ffb77e0a4667d03566480"}
,"/Users/deethya/packed/src/app/(protected)/(tabs)/todo.tsx": {"path":"/Users/deethya/packed/src/app/(protected)/(tabs)/todo.tsx","statementMap":{"0":{"start":{"line":30,"column":0},"end":{"line":37,"column":3}},"1":{"start":{"line":31,"column":35},"end":{"line":36,"column":3}},"2":{"start":{"line":43,"column":2},"end":{"line":43,"column":26}},"3":{"start":{"line":43,"column":19},"end":{"line":43,"column":26}},"4":{"start":{"line":45,"column":23},"end":{"line":45,"column":43}},"5":{"start":{"line":46,"column":14},"end":{"line":46,"column":24}},"6":{"start":{"line":48,"column":26},"end":{"line":52,"column":3}},"7":{"start":{"line":54,"column":2},"end":{"line":70,"column":3}},"8":{"start":{"line":55,"column":24},"end":{"line":55,"column":70}},"9":{"start":{"line":57,"column":4},"end":{"line":69,"column":5}},"10":{"start":{"line":58,"column":6},"end":{"line":68,"column":9}},"11":{"start":{"line":74,"column":2},"end":{"line":74,"column":33}},"12":{"start":{"line":74,"column":19},"end":{"line":74,"column":33}},"13":{"start":{"line":76,"column":14},"end":{"line":76,"column":24}},"14":{"start":{"line":77,"column":19},"end":{"line":77,"column":39}},"15":{"start":{"line":79,"column":17},"end":{"line":79,"column":51}},"16":{"start":{"line":80,"column":19},"end":{"line":80,"column":49}},"17":{"start":{"line":82,"column":2},"end":{"line":82,"column":37}},"18":{"start":{"line":82,"column":20},"end":{"line":82,"column":37}},"19":{"start":{"line":83,"column":2},"end":{"line":83,"column":37}},"20":{"start":{"line":83,"column":21},"end":{"line":83,"column":37}},"21":{"start":{"line":84,"column":2},"end":{"line":84,"column":40}},"22":{"start":{"line":84,"column":21},"end":{"line":84,"column":40}},"23":{"start":{"line":85,"column":2},"end":{"line":85,"column":38}},"24":{"start":{"line":85,"column":21},"end":{"line":85,"column":38}},"25":{"start":{"line":86,"column":2},"end":{"line":86,"column":18}},"26":{"start":{"line":90,"column":2},"end":{"line":103,"column":3}},"27":{"start":{"line":92,"column":6},"end":{"line":92,"column":68}},"28":{"start":{"line":94,"column":6},"end":{"line":94,"column":68}},"29":{"start":{"line":96,"column":6},"end":{"line":96,"column":68}},"30":{"start":{"line":98,"column":6},"end":{"line":98,"column":68}},"31":{"start":{"line":100,"column":6},"end":{"line":100,"column":68}},"32":{"start":{"line":102,"column":6},"end":{"line":102,"column":68}},"33":{"start":{"line":107,"column":2},"end":{"line":118,"column":3}},"34":{"start":{"line":109,"column":6},"end":{"line":109,"column":23}},"35":{"start":{"line":111,"column":6},"end":{"line":111,"column":32}},"36":{"start":{"line":113,"column":6},"end":{"line":113,"column":33}},"37":{"start":{"line":115,"column":6},"end":{"line":115,"column":33}},"38":{"start":{"line":117,"column":6},"end":{"line":117,"column":16}},"39":{"start":{"line":122,"column":2},"end":{"line":133,"column":5}},"40":{"start":{"line":123,"column":4},"end":{"line":127,"column":5}},"41":{"start":{"line":124,"column":6},"end":{"line":126,"column":8}},"42":{"start":{"line":129,"column":4},"end":{"line":129,"column":51}},"43":{"start":{"line":129,"column":41},"end":{"line":129,"column":51}},"44":{"start":{"line":130,"column":4},"end":{"line":130,"column":50}},"45":{"start":{"line":130,"column":41},"end":{"line":130,"column":50}},"46":{"start":{"line":132,"column":4},"end":{"line":132,"column":79}},"47":{"start":{"line":138,"column":19},"end":{"line":138,"column":28}},"48":{"start":{"line":139,"column":19},"end":{"line":139,"column":32}},"49":{"start":{"line":142,"column":28},"end":{"line":142,"column":48}},"50":{"start":{"line":143,"column":32},"end":{"line":143,"column":46}},"51":{"start":{"line":144,"column":44},"end":{"line":144,"column":59}},"52":{"start":{"line":145,"column":28},"end":{"line":145,"column":40}},"53":{"start":{"line":146,"column":30},"end":{"line":146,"column":45}},"54":{"start":{"line":147,"column":30},"end":{"line":147,"column":77}},"55":{"start":{"line":148,"column":36},"end":{"line":148,"column":65}},"56":{"start":{"line":149,"column":42},"end":{"line":149,"column":54}},"57":{"start":{"line":150,"column":38},"end":{"line":150,"column":53}},"58":{"start":{"line":151,"column":42},"end":{"line":151,"column":69}},"59":{"start":{"line":152,"column":36},"end":{"line":152,"column":73}},"60":{"start":{"line":153,"column":40},"end":{"line":153,"column":55}},"61":{"start":{"line":156,"column":32},"end":{"line":156,"column":44}},"62":{"start":{"line":157,"column":32},"end":{"line":157,"column":43}},"63":{"start":{"line":158,"column":34},"end":{"line":158,"column":49}},"64":{"start":{"line":159,"column":32},"end":{"line":159,"column":47}},"65":{"start":{"line":160,"column":28},"end":{"line":160,"column":55}},"66":{"start":{"line":165,"column":4},"end":{"line":165,"column":35}},"67":{"start":{"line":165,"column":28},"end":{"line":165,"column":35}},"68":{"start":{"line":166,"column":4},"end":{"line":166,"column":21}},"69":{"start":{"line":167,"column":28},"end":{"line":170,"column":29}},"70":{"start":{"line":172,"column":4},"end":{"line":176,"column":5}},"71":{"start":{"line":173,"column":6},"end":{"line":173,"column":59}},"72":{"start":{"line":175,"column":6},"end":{"line":175,"column":48}},"73":{"start":{"line":177,"column":4},"end":{"line":177,"column":22}},"74":{"start":{"line":181,"column":25},"end":{"line":181,"column":37}},"75":{"start":{"line":182,"column":4},"end":{"line":182,"column":52}},"76":{"start":{"line":182,"column":45},"end":{"line":182,"column":52}},"77":{"start":{"line":184,"column":4},"end":{"line":184,"column":20}},"78":{"start":{"line":185,"column":26},"end":{"line":185,"column":74}},"79":{"start":{"line":187,"column":28},"end":{"line":196,"column":15}},"80":{"start":{"line":198,"column":4},"end":{"line":210,"column":5}},"81":{"start":{"line":199,"column":6},"end":{"line":199,"column":57}},"82":{"start":{"line":200,"column":11},"end":{"line":210,"column":5}},"83":{"start":{"line":201,"column":6},"end":{"line":201,"column":63}},"84":{"start":{"line":201,"column":25},"end":{"line":201,"column":61}},"85":{"start":{"line":202,"column":6},"end":{"line":202,"column":19}},"86":{"start":{"line":203,"column":6},"end":{"line":203,"column":28}},"87":{"start":{"line":204,"column":6},"end":{"line":204,"column":28}},"88":{"start":{"line":206,"column":25},"end":{"line":206,"column":66}},"89":{"start":{"line":207,"column":6},"end":{"line":209,"column":7}},"90":{"start":{"line":208,"column":8},"end":{"line":208,"column":69}},"91":{"start":{"line":211,"column":4},"end":{"line":211,"column":21}},"92":{"start":{"line":215,"column":4},"end":{"line":215,"column":26}},"93":{"start":{"line":215,"column":19},"end":{"line":215,"column":26}},"94":{"start":{"line":216,"column":28},"end":{"line":221,"column":15}},"95":{"start":{"line":223,"column":4},"end":{"line":225,"column":5}},"96":{"start":{"line":224,"column":6},"end":{"line":224,"column":73}},"97":{"start":{"line":224,"column":25},"end":{"line":224,"column":71}},"98":{"start":{"line":224,"column":42},"end":{"line":224,"column":69}},"99":{"start":{"line":229,"column":4},"end":{"line":229,"column":26}},"100":{"start":{"line":229,"column":19},"end":{"line":229,"column":26}},"101":{"start":{"line":230,"column":22},"end":{"line":230,"column":76}},"102":{"start":{"line":231,"column":4},"end":{"line":233,"column":5}},"103":{"start":{"line":232,"column":6},"end":{"line":232,"column":64}},"104":{"start":{"line":232,"column":25},"end":{"line":232,"column":62}},"105":{"start":{"line":232,"column":47},"end":{"line":232,"column":61}},"106":{"start":{"line":237,"column":25},"end":{"line":237,"column":44}},"107":{"start":{"line":238,"column":4},"end":{"line":238,"column":43}},"108":{"start":{"line":238,"column":36},"end":{"line":238,"column":43}},"109":{"start":{"line":240,"column":28},"end":{"line":245,"column":15}},"110":{"start":{"line":247,"column":4},"end":{"line":251,"column":5}},"111":{"start":{"line":248,"column":6},"end":{"line":248,"column":77}},"112":{"start":{"line":248,"column":25},"end":{"line":248,"column":75}},"113":{"start":{"line":248,"column":45},"end":{"line":248,"column":73}},"114":{"start":{"line":249,"column":6},"end":{"line":249,"column":25}},"115":{"start":{"line":250,"column":6},"end":{"line":250,"column":26}},"116":{"start":{"line":255,"column":2},"end":{"line":260,"column":38}},"117":{"start":{"line":256,"column":4},"end":{"line":259,"column":5}},"118":{"start":{"line":257,"column":6},"end":{"line":257,"column":18}},"119":{"start":{"line":258,"column":6},"end":{"line":258,"column":29}},"120":{"start":{"line":262,"column":0},"end":{"line":281,"column":15}},"121":{"start":{"line":264,"column":2},"end":{"line":280,"column":1}},"122":{"start":{"line":265,"column":2},"end":{"line":279,"column":9}},"123":{"start":{"line":266,"column":14},"end":{"line":266,"column":24}},"124":{"start":{"line":268,"column":2},"end":{"line":278,"column":1}},"125":{"start":{"line":269,"column":2},"end":{"line":269,"column":16}},"126":{"start":{"line":270,"column":2},"end":{"line":270,"column":16}},"127":{"start":{"line":271,"column":2},"end":{"line":271,"column":21}},"128":{"start":{"line":272,"column":2},"end":{"line":272,"column":35}},"129":{"start":{"line":273,"column":2},"end":{"line":273,"column":27}},"130":{"start":{"line":274,"column":9},"end":{"line":278,"column":1}},"131":{"start":{"line":275,"column":15},"end":{"line":275,"column":46}},"132":{"start":{"line":276,"column":2},"end":{"line":276,"column":43}},"133":{"start":{"line":277,"column":2},"end":{"line":277,"column":45}},"134":{"start":{"line":280,"column":2},"end":{"line":280,"column":39}},"135":{"start":{"line":280,"column":15},"end":{"line":280,"column":38}},"136":{"start":{"line":283,"column":23},"end":{"line":310,"column":3}},"137":{"start":{"line":284,"column":3},"end":{"line":309,"column":3}},"138":{"start":{"line":285,"column":24},"end":{"line":285,"column":46}},"139":{"start":{"line":286,"column":19},"end":{"line":286,"column":38}},"140":{"start":{"line":287,"column":3},"end":{"line":287,"column":52}},"141":{"start":{"line":288,"column":5},"end":{"line":288,"column":23}},"142":{"start":{"line":289,"column":3},"end":{"line":304,"column":3}},"143":{"start":{"line":290,"column":5},"end":{"line":303,"column":5}},"144":{"start":{"line":306,"column":4},"end":{"line":306,"column":23}},"145":{"start":{"line":307,"column":4},"end":{"line":307,"column":37}},"146":{"start":{"line":308,"column":4},"end":{"line":308,"column":63}},"147":{"start":{"line":312,"column":27},"end":{"line":321,"column":3}},"148":{"start":{"line":314,"column":4},"end":{"line":314,"column":23}},"149":{"start":{"line":315,"column":4},"end":{"line":315,"column":37}},"150":{"start":{"line":316,"column":4},"end":{"line":316,"column":63}},"151":{"start":{"line":317,"column":4},"end":{"line":317,"column":24}},"152":{"start":{"line":318,"column":4},"end":{"line":318,"column":33}},"153":{"start":{"line":319,"column":4},"end":{"line":319,"column":18}},"154":{"start":{"line":323,"column":33},"end":{"line":328,"column":3}},"155":{"start":{"line":324,"column":4},"end":{"line":324,"column":39}},"156":{"start":{"line":325,"column":4},"end":{"line":327,"column":5}},"157":{"start":{"line":326,"column":33},"end":{"line":326,"column":59}},"158":{"start":{"line":331,"column":24},"end":{"line":337,"column":21}},"159":{"start":{"line":332,"column":4},"end":{"line":336,"column":7}},"160":{"start":{"line":333,"column":6},"end":{"line":333,"column":57}},"161":{"start":{"line":333,"column":31},"end":{"line":333,"column":57}},"162":{"start":{"line":334,"column":6},"end":{"line":334,"column":59}},"163":{"start":{"line":334,"column":34},"end":{"line":334,"column":59}},"164":{"start":{"line":335,"column":6},"end":{"line":335,"column":18}},"165":{"start":{"line":339,"column":1},"end":{"line":574,"column":8}},"166":{"start":{"line":343,"column":29},"end":{"line":343,"column":49}},"167":{"start":{"line":359,"column":29},"end":{"line":359,"column":53}},"168":{"start":{"line":382,"column":31},"end":{"line":382,"column":62}},"169":{"start":{"line":382,"column":56},"end":{"line":382,"column":61}},"170":{"start":{"line":401,"column":35},"end":{"line":401,"column":54}},"171":{"start":{"line":423,"column":26},"end":{"line":431,"column":27}},"172":{"start":{"line":424,"column":28},"end":{"line":424,"column":49}},"173":{"start":{"line":426,"column":28},"end":{"line":428,"column":29}},"174":{"start":{"line":427,"column":30},"end":{"line":427,"column":52}},"175":{"start":{"line":430,"column":28},"end":{"line":430,"column":35}},"176":{"start":{"line":433,"column":26},"end":{"line":435,"column":27}},"177":{"start":{"line":434,"column":28},"end":{"line":434,"column":50}},"178":{"start":{"line":442,"column":41},"end":{"line":442,"column":61}},"179":{"start":{"line":465,"column":18},"end":{"line":474,"column":37}},"180":{"start":{"line":465,"column":59},"end":{"line":465,"column":78}},"181":{"start":{"line":483,"column":42},"end":{"line":483,"column":49}},"182":{"start":{"line":485,"column":35},"end":{"line":487,"column":59}},"183":{"start":{"line":488,"column":20},"end":{"line":551,"column":22}},"184":{"start":{"line":497,"column":61},"end":{"line":497,"column":80}},"185":{"start":{"line":502,"column":32},"end":{"line":502,"column":51}},"186":{"start":{"line":503,"column":32},"end":{"line":503,"column":52}},"187":{"start":{"line":512,"column":45},"end":{"line":512,"column":61}},"188":{"start":{"line":538,"column":34},"end":{"line":538,"column":56}},"189":{"start":{"line":539,"column":34},"end":{"line":539,"column":62}},"190":{"start":{"line":544,"column":63},"end":{"line":544,"column":82}},"191":{"start":{"line":565,"column":16},"end":{"line":565,"column":35}},"192":{"start":{"line":566,"column":16},"end":{"line":566,"column":49}},"193":{"start":{"line":567,"column":16},"end":{"line":567,"column":45}},"194":{"start":{"line":568,"column":16},"end":{"line":568,"column":30}},"195":{"start":{"line":577,"column":19},"end":{"line":681,"column":6}}},"fnMap":{"0":{"name":"(anonymous_0)","decl":{"start":{"line":31,"column":22},"end":{"line":31,"column":23}},"loc":{"start":{"line":31,"column":35},"end":{"line":36,"column":3}},"line":31},"1":{"name":"scheduleDeadlineReminder","decl":{"start":{"line":39,"column":15},"end":{"line":39,"column":39}},"loc":{"start":{"line":42,"column":2},"end":{"line":71,"column":1}},"line":42},"2":{"name":"getDeadlineStatus","decl":{"start":{"line":73,"column":9},"end":{"line":73,"column":26}},"loc":{"start":{"line":73,"column":54},"end":{"line":87,"column":1}},"line":73},"3":{"name":"getDeadlineStyle","decl":{"start":{"line":89,"column":9},"end":{"line":89,"column":25}},"loc":{"start":{"line":89,"column":42},"end":{"line":104,"column":1}},"line":89},"4":{"name":"getDeadlineLabel","decl":{"start":{"line":106,"column":9},"end":{"line":106,"column":25}},"loc":{"start":{"line":106,"column":42},"end":{"line":119,"column":1}},"line":106},"5":{"name":"sortTodosByDeadline","decl":{"start":{"line":121,"column":9},"end":{"line":121,"column":28}},"loc":{"start":{"line":121,"column":44},"end":{"line":134,"column":1}},"line":121},"6":{"name":"(anonymous_6)","decl":{"start":{"line":122,"column":25},"end":{"line":122,"column":26}},"loc":{"start":{"line":122,"column":35},"end":{"line":133,"column":3}},"line":122},"7":{"name":"TodoScreen","decl":{"start":{"line":136,"column":24},"end":{"line":136,"column":34}},"loc":{"start":{"line":136,"column":37},"end":{"line":575,"column":5}},"line":136},"8":{"name":"loadTodos","decl":{"start":{"line":164,"column":17},"end":{"line":164,"column":26}},"loc":{"start":{"line":164,"column":29},"end":{"line":178,"column":3}},"line":164},"9":{"name":"handleAddTodo","decl":{"start":{"line":180,"column":17},"end":{"line":180,"column":30}},"loc":{"start":{"line":180,"column":33},"end":{"line":212,"column":3}},"line":180},"10":{"name":"(anonymous_10)","decl":{"start":{"line":201,"column":15},"end":{"line":201,"column":16}},"loc":{"start":{"line":201,"column":25},"end":{"line":201,"column":61}},"line":201},"11":{"name":"toggleTodo","decl":{"start":{"line":214,"column":17},"end":{"line":214,"column":27}},"loc":{"start":{"line":214,"column":40},"end":{"line":226,"column":3}},"line":214},"12":{"name":"(anonymous_12)","decl":{"start":{"line":224,"column":15},"end":{"line":224,"column":16}},"loc":{"start":{"line":224,"column":25},"end":{"line":224,"column":71}},"line":224},"13":{"name":"(anonymous_13)","decl":{"start":{"line":224,"column":34},"end":{"line":224,"column":35}},"loc":{"start":{"line":224,"column":42},"end":{"line":224,"column":69}},"line":224},"14":{"name":"deleteTodo","decl":{"start":{"line":228,"column":17},"end":{"line":228,"column":27}},"loc":{"start":{"line":228,"column":40},"end":{"line":234,"column":3}},"line":228},"15":{"name":"(anonymous_15)","decl":{"start":{"line":232,"column":15},"end":{"line":232,"column":16}},"loc":{"start":{"line":232,"column":25},"end":{"line":232,"column":62}},"line":232},"16":{"name":"(anonymous_16)","decl":{"start":{"line":232,"column":37},"end":{"line":232,"column":38}},"loc":{"start":{"line":232,"column":47},"end":{"line":232,"column":61}},"line":232},"17":{"name":"updateTodo","decl":{"start":{"line":236,"column":17},"end":{"line":236,"column":27}},"loc":{"start":{"line":236,"column":40},"end":{"line":252,"column":3}},"line":236},"18":{"name":"(anonymous_18)","decl":{"start":{"line":248,"column":15},"end":{"line":248,"column":16}},"loc":{"start":{"line":248,"column":25},"end":{"line":248,"column":75}},"line":248},"19":{"name":"(anonymous_19)","decl":{"start":{"line":248,"column":34},"end":{"line":248,"column":35}},"loc":{"start":{"line":248,"column":45},"end":{"line":248,"column":73}},"line":248},"20":{"name":"(anonymous_20)","decl":{"start":{"line":255,"column":12},"end":{"line":255,"column":13}},"loc":{"start":{"line":255,"column":18},"end":{"line":260,"column":3}},"line":255},"21":{"name":"(anonymous_21)","decl":{"start":{"line":262,"column":10},"end":{"line":262,"column":11}},"loc":{"start":{"line":262,"column":16},"end":{"line":281,"column":1}},"line":262},"22":{"name":"(anonymous_22)","decl":{"start":{"line":265,"column":25},"end":{"line":265,"column":26}},"loc":{"start":{"line":265,"column":31},"end":{"line":279,"column":1}},"line":265},"23":{"name":"(anonymous_23)","decl":{"start":{"line":280,"column":9},"end":{"line":280,"column":10}},"loc":{"start":{"line":280,"column":15},"end":{"line":280,"column":38}},"line":280},"24":{"name":"(anonymous_24)","decl":{"start":{"line":283,"column":23},"end":{"line":283,"column":24}},"loc":{"start":{"line":283,"column":35},"end":{"line":310,"column":3}},"line":283},"25":{"name":"(anonymous_25)","decl":{"start":{"line":312,"column":27},"end":{"line":312,"column":28}},"loc":{"start":{"line":312,"column":55},"end":{"line":321,"column":3}},"line":312},"26":{"name":"(anonymous_26)","decl":{"start":{"line":323,"column":33},"end":{"line":323,"column":34}},"loc":{"start":{"line":323,"column":39},"end":{"line":328,"column":3}},"line":323},"27":{"name":"(anonymous_27)","decl":{"start":{"line":326,"column":27},"end":{"line":326,"column":28}},"loc":{"start":{"line":326,"column":33},"end":{"line":326,"column":59}},"line":326},"28":{"name":"(anonymous_28)","decl":{"start":{"line":331,"column":32},"end":{"line":331,"column":33}},"loc":{"start":{"line":331,"column":38},"end":{"line":337,"column":3}},"line":331},"29":{"name":"(anonymous_29)","decl":{"start":{"line":332,"column":24},"end":{"line":332,"column":25}},"loc":{"start":{"line":332,"column":34},"end":{"line":336,"column":5}},"line":332},"30":{"name":"(anonymous_30)","decl":{"start":{"line":343,"column":23},"end":{"line":343,"column":24}},"loc":{"start":{"line":343,"column":29},"end":{"line":343,"column":49}},"line":343},"31":{"name":"(anonymous_31)","decl":{"start":{"line":359,"column":23},"end":{"line":359,"column":24}},"loc":{"start":{"line":359,"column":29},"end":{"line":359,"column":53}},"line":359},"32":{"name":"(anonymous_32)","decl":{"start":{"line":382,"column":25},"end":{"line":382,"column":26}},"loc":{"start":{"line":382,"column":31},"end":{"line":382,"column":62}},"line":382},"33":{"name":"(anonymous_33)","decl":{"start":{"line":382,"column":46},"end":{"line":382,"column":47}},"loc":{"start":{"line":382,"column":56},"end":{"line":382,"column":61}},"line":382},"34":{"name":"(anonymous_34)","decl":{"start":{"line":401,"column":29},"end":{"line":401,"column":30}},"loc":{"start":{"line":401,"column":35},"end":{"line":401,"column":54}},"line":401},"35":{"name":"(anonymous_35)","decl":{"start":{"line":422,"column":34},"end":{"line":422,"column":35}},"loc":{"start":{"line":422,"column":51},"end":{"line":436,"column":25}},"line":422},"36":{"name":"(anonymous_36)","decl":{"start":{"line":442,"column":35},"end":{"line":442,"column":36}},"loc":{"start":{"line":442,"column":41},"end":{"line":442,"column":61}},"line":442},"37":{"name":"(anonymous_37)","decl":{"start":{"line":464,"column":52},"end":{"line":464,"column":53}},"loc":{"start":{"line":465,"column":18},"end":{"line":474,"column":37}},"line":465},"38":{"name":"(anonymous_38)","decl":{"start":{"line":465,"column":53},"end":{"line":465,"column":54}},"loc":{"start":{"line":465,"column":59},"end":{"line":465,"column":78}},"line":465},"39":{"name":"(anonymous_39)","decl":{"start":{"line":483,"column":32},"end":{"line":483,"column":33}},"loc":{"start":{"line":483,"column":42},"end":{"line":483,"column":49}},"line":483},"40":{"name":"(anonymous_40)","decl":{"start":{"line":484,"column":30},"end":{"line":484,"column":31}},"loc":{"start":{"line":484,"column":44},"end":{"line":552,"column":19}},"line":484},"41":{"name":"(anonymous_41)","decl":{"start":{"line":497,"column":55},"end":{"line":497,"column":56}},"loc":{"start":{"line":497,"column":61},"end":{"line":497,"column":80}},"line":497},"42":{"name":"(anonymous_42)","decl":{"start":{"line":501,"column":39},"end":{"line":501,"column":40}},"loc":{"start":{"line":501,"column":45},"end":{"line":504,"column":31}},"line":501},"43":{"name":"(anonymous_43)","decl":{"start":{"line":512,"column":39},"end":{"line":512,"column":40}},"loc":{"start":{"line":512,"column":45},"end":{"line":512,"column":61}},"line":512},"44":{"name":"(anonymous_44)","decl":{"start":{"line":537,"column":41},"end":{"line":537,"column":42}},"loc":{"start":{"line":537,"column":47},"end":{"line":540,"column":33}},"line":537},"45":{"name":"(anonymous_45)","decl":{"start":{"line":544,"column":57},"end":{"line":544,"column":58}},"loc":{"start":{"line":544,"column":63},"end":{"line":544,"column":82}},"line":544},"46":{"name":"(anonymous_46)","decl":{"start":{"line":564,"column":23},"end":{"line":564,"column":24}},"loc":{"start":{"line":564,"column":29},"end":{"line":569,"column":15}},"line":564}},"branchMap":{"0":{"loc":{"start":{"line":43,"column":2},"end":{"line":43,"column":26}},"type":"if","locations":[{"start":{"line":43,"column":2},"end":{"line":43,"column":26}},{"start":{},"end":{}}],"line":43},"1":{"loc":{"start":{"line":57,"column":4},"end":{"line":69,"column":5}},"type":"if","locations":[{"start":{"line":57,"column":4},"end":{"line":69,"column":5}},{"start":{},"end":{}}],"line":57},"2":{"loc":{"start":{"line":74,"column":2},"end":{"line":74,"column":33}},"type":"if","locations":[{"start":{"line":74,"column":2},"end":{"line":74,"column":33}},{"start":{},"end":{}}],"line":74},"3":{"loc":{"start":{"line":82,"column":2},"end":{"line":82,"column":37}},"type":"if","locations":[{"start":{"line":82,"column":2},"end":{"line":82,"column":37}},{"start":{},"end":{}}],"line":82},"4":{"loc":{"start":{"line":83,"column":2},"end":{"line":83,"column":37}},"type":"if","locations":[{"start":{"line":83,"column":2},"end":{"line":83,"column":37}},{"start":{},"end":{}}],"line":83},"5":{"loc":{"start":{"line":84,"column":2},"end":{"line":84,"column":40}},"type":"if","locations":[{"start":{"line":84,"column":2},"end":{"line":84,"column":40}},{"start":{},"end":{}}],"line":84},"6":{"loc":{"start":{"line":85,"column":2},"end":{"line":85,"column":38}},"type":"if","locations":[{"start":{"line":85,"column":2},"end":{"line":85,"column":38}},{"start":{},"end":{}}],"line":85},"7":{"loc":{"start":{"line":90,"column":2},"end":{"line":103,"column":3}},"type":"switch","locations":[{"start":{"line":91,"column":4},"end":{"line":92,"column":68}},{"start":{"line":93,"column":4},"end":{"line":94,"column":68}},{"start":{"line":95,"column":4},"end":{"line":96,"column":68}},{"start":{"line":97,"column":4},"end":{"line":98,"column":68}},{"start":{"line":99,"column":4},"end":{"line":100,"column":68}},{"start":{"line":101,"column":4},"end":{"line":102,"column":68}}],"line":90},"8":{"loc":{"start":{"line":107,"column":2},"end":{"line":118,"column":3}},"type":"switch","locations":[{"start":{"line":108,"column":4},"end":{"line":109,"column":23}},{"start":{"line":110,"column":4},"end":{"line":111,"column":32}},{"start":{"line":112,"column":4},"end":{"line":113,"column":33}},{"start":{"line":114,"column":4},"end":{"line":115,"column":33}},{"start":{"line":116,"column":4},"end":{"line":117,"column":16}}],"line":107},"9":{"loc":{"start":{"line":123,"column":4},"end":{"line":127,"column":5}},"type":"if","locations":[{"start":{"line":123,"column":4},"end":{"line":127,"column":5}},{"start":{},"end":{}}],"line":123},"10":{"loc":{"start":{"line":123,"column":8},"end":{"line":123,"column":38}},"type":"binary-expr","locations":[{"start":{"line":123,"column":8},"end":{"line":123,"column":21}},{"start":{"line":123,"column":25},"end":{"line":123,"column":38}}],"line":123},"11":{"loc":{"start":{"line":129,"column":4},"end":{"line":129,"column":51}},"type":"if","locations":[{"start":{"line":129,"column":4},"end":{"line":129,"column":51}},{"start":{},"end":{}}],"line":129},"12":{"loc":{"start":{"line":129,"column":8},"end":{"line":129,"column":39}},"type":"binary-expr","locations":[{"start":{"line":129,"column":8},"end":{"line":129,"column":21}},{"start":{"line":129,"column":25},"end":{"line":129,"column":39}}],"line":129},"13":{"loc":{"start":{"line":130,"column":4},"end":{"line":130,"column":50}},"type":"if","locations":[{"start":{"line":130,"column":4},"end":{"line":130,"column":50}},{"start":{},"end":{}}],"line":130},"14":{"loc":{"start":{"line":130,"column":8},"end":{"line":130,"column":39}},"type":"binary-expr","locations":[{"start":{"line":130,"column":8},"end":{"line":130,"column":22}},{"start":{"line":130,"column":26},"end":{"line":130,"column":39}}],"line":130},"15":{"loc":{"start":{"line":165,"column":4},"end":{"line":165,"column":35}},"type":"if","locations":[{"start":{"line":165,"column":4},"end":{"line":165,"column":35}},{"start":{},"end":{}}],"line":165},"16":{"loc":{"start":{"line":165,"column":8},"end":{"line":165,"column":26}},"type":"binary-expr","locations":[{"start":{"line":165,"column":8},"end":{"line":165,"column":13}},{"start":{"line":165,"column":17},"end":{"line":165,"column":26}}],"line":165},"17":{"loc":{"start":{"line":172,"column":4},"end":{"line":176,"column":5}},"type":"if","locations":[{"start":{"line":172,"column":4},"end":{"line":176,"column":5}},{"start":{"line":174,"column":11},"end":{"line":176,"column":5}}],"line":172},"18":{"loc":{"start":{"line":175,"column":35},"end":{"line":175,"column":45}},"type":"binary-expr","locations":[{"start":{"line":175,"column":35},"end":{"line":175,"column":39}},{"start":{"line":175,"column":43},"end":{"line":175,"column":45}}],"line":175},"19":{"loc":{"start":{"line":182,"column":4},"end":{"line":182,"column":52}},"type":"if","locations":[{"start":{"line":182,"column":4},"end":{"line":182,"column":52}},{"start":{},"end":{}}],"line":182},"20":{"loc":{"start":{"line":182,"column":8},"end":{"line":182,"column":43}},"type":"binary-expr","locations":[{"start":{"line":182,"column":8},"end":{"line":182,"column":21}},{"start":{"line":182,"column":25},"end":{"line":182,"column":30}},{"start":{"line":182,"column":34},"end":{"line":182,"column":43}}],"line":182},"21":{"loc":{"start":{"line":185,"column":26},"end":{"line":185,"column":74}},"type":"cond-expr","locations":[{"start":{"line":185,"column":41},"end":{"line":185,"column":67}},{"start":{"line":185,"column":70},"end":{"line":185,"column":74}}],"line":185},"22":{"loc":{"start":{"line":198,"column":4},"end":{"line":210,"column":5}},"type":"if","locations":[{"start":{"line":198,"column":4},"end":{"line":210,"column":5}},{"start":{"line":200,"column":11},"end":{"line":210,"column":5}}],"line":198},"23":{"loc":{"start":{"line":200,"column":11},"end":{"line":210,"column":5}},"type":"if","locations":[{"start":{"line":200,"column":11},"end":{"line":210,"column":5}},{"start":{},"end":{}}],"line":200},"24":{"loc":{"start":{"line":207,"column":6},"end":{"line":209,"column":7}},"type":"if","locations":[{"start":{"line":207,"column":6},"end":{"line":209,"column":7}},{"start":{},"end":{}}],"line":207},"25":{"loc":{"start":{"line":215,"column":4},"end":{"line":215,"column":26}},"type":"if","locations":[{"start":{"line":215,"column":4},"end":{"line":215,"column":26}},{"start":{},"end":{}}],"line":215},"26":{"loc":{"start":{"line":223,"column":4},"end":{"line":225,"column":5}},"type":"if","locations":[{"start":{"line":223,"column":4},"end":{"line":225,"column":5}},{"start":{},"end":{}}],"line":223},"27":{"loc":{"start":{"line":224,"column":42},"end":{"line":224,"column":69}},"type":"cond-expr","locations":[{"start":{"line":224,"column":61},"end":{"line":224,"column":65}},{"start":{"line":224,"column":68},"end":{"line":224,"column":69}}],"line":224},"28":{"loc":{"start":{"line":229,"column":4},"end":{"line":229,"column":26}},"type":"if","locations":[{"start":{"line":229,"column":4},"end":{"line":229,"column":26}},{"start":{},"end":{}}],"line":229},"29":{"loc":{"start":{"line":231,"column":4},"end":{"line":233,"column":5}},"type":"if","locations":[{"start":{"line":231,"column":4},"end":{"line":233,"column":5}},{"start":{},"end":{}}],"line":231},"30":{"loc":{"start":{"line":238,"column":4},"end":{"line":238,"column":43}},"type":"if","locations":[{"start":{"line":238,"column":4},"end":{"line":238,"column":43}},{"start":{},"end":{}}],"line":238},"31":{"loc":{"start":{"line":238,"column":8},"end":{"line":238,"column":34}},"type":"binary-expr","locations":[{"start":{"line":238,"column":8},"end":{"line":238,"column":21}},{"start":{"line":238,"column":25},"end":{"line":238,"column":34}}],"line":238},"32":{"loc":{"start":{"line":247,"column":4},"end":{"line":251,"column":5}},"type":"if","locations":[{"start":{"line":247,"column":4},"end":{"line":251,"column":5}},{"start":{},"end":{}}],"line":247},"33":{"loc":{"start":{"line":248,"column":45},"end":{"line":248,"column":73}},"type":"cond-expr","locations":[{"start":{"line":248,"column":62},"end":{"line":248,"column":66}},{"start":{"line":248,"column":69},"end":{"line":248,"column":73}}],"line":248},"34":{"loc":{"start":{"line":256,"column":4},"end":{"line":259,"column":5}},"type":"if","locations":[{"start":{"line":256,"column":4},"end":{"line":259,"column":5}},{"start":{},"end":{}}],"line":256},"35":{"loc":{"start":{"line":256,"column":8},"end":{"line":256,"column":42}},"type":"binary-expr","locations":[{"start":{"line":256,"column":8},"end":{"line":256,"column":12}},{"start":{"line":256,"column":16},"end":{"line":256,"column":24}},{"start":{"line":256,"column":28},"end":{"line":256,"column":42}}],"line":256},"36":{"loc":{"start":{"line":264,"column":2},"end":{"line":280,"column":1}},"type":"if","locations":[{"start":{"line":264,"column":2},"end":{"line":280,"column":1}},{"start":{},"end":{}}],"line":264},"37":{"loc":{"start":{"line":268,"column":2},"end":{"line":278,"column":1}},"type":"if","locations":[{"start":{"line":268,"column":2},"end":{"line":278,"column":1}},{"start":{"line":274,"column":9},"end":{"line":278,"column":1}}],"line":268},"38":{"loc":{"start":{"line":268,"column":6},"end":{"line":268,"column":67}},"type":"binary-expr","locations":[{"start":{"line":268,"column":6},"end":{"line":268,"column":31}},{"start":{"line":268,"column":35},"end":{"line":268,"column":67}}],"line":268},"39":{"loc":{"start":{"line":274,"column":9},"end":{"line":278,"column":1}},"type":"if","locations":[{"start":{"line":274,"column":9},"end":{"line":278,"column":1}},{"start":{},"end":{}}],"line":274},"40":{"loc":{"start":{"line":284,"column":3},"end":{"line":309,"column":3}},"type":"if","locations":[{"start":{"line":284,"column":3},"end":{"line":309,"column":3}},{"start":{"line":305,"column":9},"end":{"line":309,"column":3}}],"line":284},"41":{"loc":{"start":{"line":289,"column":3},"end":{"line":304,"column":3}},"type":"if","locations":[{"start":{"line":289,"column":3},"end":{"line":304,"column":3}},{"start":{},"end":{}}],"line":289},"42":{"loc":{"start":{"line":294,"column":5},"end":{"line":294,"column":32}},"type":"cond-expr","locations":[{"start":{"line":294,"column":15},"end":{"line":294,"column":22}},{"start":{"line":294,"column":25},"end":{"line":294,"column":32}}],"line":294},"43":{"loc":{"start":{"line":318,"column":15},"end":{"line":318,"column":31}},"type":"cond-expr","locations":[{"start":{"line":318,"column":25},"end":{"line":318,"column":26}},{"start":{"line":318,"column":29},"end":{"line":318,"column":31}}],"line":318},"44":{"loc":{"start":{"line":325,"column":48},"end":{"line":325,"column":74}},"type":"cond-expr","locations":[{"start":{"line":325,"column":58},"end":{"line":325,"column":64}},{"start":{"line":325,"column":67},"end":{"line":325,"column":74}}],"line":325},"45":{"loc":{"start":{"line":333,"column":6},"end":{"line":333,"column":57}},"type":"if","locations":[{"start":{"line":333,"column":6},"end":{"line":333,"column":57}},{"start":{},"end":{}}],"line":333},"46":{"loc":{"start":{"line":334,"column":6},"end":{"line":334,"column":59}},"type":"if","locations":[{"start":{"line":334,"column":6},"end":{"line":334,"column":59}},{"start":{},"end":{}}],"line":334},"47":{"loc":{"start":{"line":346,"column":16},"end":{"line":346,"column":62}},"type":"binary-expr","locations":[{"start":{"line":346,"column":16},"end":{"line":346,"column":36}},{"start":{"line":346,"column":40},"end":{"line":346,"column":62}}],"line":346},"48":{"loc":{"start":{"line":352,"column":18},"end":{"line":352,"column":63}},"type":"binary-expr","locations":[{"start":{"line":352,"column":18},"end":{"line":352,"column":38}},{"start":{"line":352,"column":42},"end":{"line":352,"column":63}}],"line":352},"49":{"loc":{"start":{"line":362,"column":16},"end":{"line":362,"column":66}},"type":"binary-expr","locations":[{"start":{"line":362,"column":16},"end":{"line":362,"column":40}},{"start":{"line":362,"column":44},"end":{"line":362,"column":66}}],"line":362},"50":{"loc":{"start":{"line":368,"column":18},"end":{"line":368,"column":67}},"type":"binary-expr","locations":[{"start":{"line":368,"column":18},"end":{"line":368,"column":42}},{"start":{"line":368,"column":46},"end":{"line":368,"column":67}}],"line":368},"51":{"loc":{"start":{"line":376,"column":11},"end":{"line":572,"column":11}},"type":"cond-expr","locations":[{"start":{"line":377,"column":12},"end":{"line":556,"column":15}},{"start":{"line":558,"column":12},"end":{"line":571,"column":14}}],"line":376},"52":{"loc":{"start":{"line":386,"column":19},"end":{"line":386,"column":65}},"type":"cond-expr","locations":[{"start":{"line":386,"column":33},"end":{"line":386,"column":48}},{"start":{"line":386,"column":51},"end":{"line":386,"column":65}}],"line":386},"53":{"loc":{"start":{"line":388,"column":52},"end":{"line":388,"column":75}},"type":"cond-expr","locations":[{"start":{"line":388,"column":66},"end":{"line":388,"column":69}},{"start":{"line":388,"column":72},"end":{"line":388,"column":75}}],"line":388},"54":{"loc":{"start":{"line":391,"column":15},"end":{"line":461,"column":15}},"type":"binary-expr","locations":[{"start":{"line":391,"column":15},"end":{"line":391,"column":26}},{"start":{"line":392,"column":16},"end":{"line":460,"column":23}}],"line":391},"55":{"loc":{"start":{"line":407,"column":24},"end":{"line":407,"column":63}},"type":"binary-expr","locations":[{"start":{"line":407,"column":24},"end":{"line":407,"column":37}},{"start":{"line":407,"column":41},"end":{"line":407,"column":63}}],"line":407},"56":{"loc":{"start":{"line":410,"column":23},"end":{"line":412,"column":43}},"type":"cond-expr","locations":[{"start":{"line":411,"column":26},"end":{"line":411,"column":59}},{"start":{"line":412,"column":26},"end":{"line":412,"column":43}}],"line":410},"57":{"loc":{"start":{"line":416,"column":19},"end":{"line":449,"column":19}},"type":"binary-expr","locations":[{"start":{"line":416,"column":19},"end":{"line":416,"column":29}},{"start":{"line":417,"column":20},"end":{"line":448,"column":23}}],"line":416},"58":{"loc":{"start":{"line":419,"column":31},"end":{"line":419,"column":57}},"type":"binary-expr","locations":[{"start":{"line":419,"column":31},"end":{"line":419,"column":43}},{"start":{"line":419,"column":47},"end":{"line":419,"column":57}}],"line":419},"59":{"loc":{"start":{"line":421,"column":33},"end":{"line":421,"column":77}},"type":"cond-expr","locations":[{"start":{"line":421,"column":57},"end":{"line":421,"column":65}},{"start":{"line":421,"column":68},"end":{"line":421,"column":77}}],"line":421},"60":{"loc":{"start":{"line":423,"column":26},"end":{"line":431,"column":27}},"type":"if","locations":[{"start":{"line":423,"column":26},"end":{"line":431,"column":27}},{"start":{},"end":{}}],"line":423},"61":{"loc":{"start":{"line":426,"column":28},"end":{"line":428,"column":29}},"type":"if","locations":[{"start":{"line":426,"column":28},"end":{"line":428,"column":29}},{"start":{},"end":{}}],"line":426},"62":{"loc":{"start":{"line":426,"column":32},"end":{"line":426,"column":60}},"type":"binary-expr","locations":[{"start":{"line":426,"column":32},"end":{"line":426,"column":52}},{"start":{"line":426,"column":56},"end":{"line":426,"column":60}}],"line":426},"63":{"loc":{"start":{"line":433,"column":26},"end":{"line":435,"column":27}},"type":"if","locations":[{"start":{"line":433,"column":26},"end":{"line":435,"column":27}},{"start":{},"end":{}}],"line":433},"64":{"loc":{"start":{"line":440,"column":23},"end":{"line":447,"column":23}},"type":"binary-expr","locations":[{"start":{"line":440,"column":23},"end":{"line":440,"column":44}},{"start":{"line":441,"column":24},"end":{"line":446,"column":43}}],"line":440},"65":{"loc":{"start":{"line":457,"column":23},"end":{"line":457,"column":51}},"type":"cond-expr","locations":[{"start":{"line":457,"column":32},"end":{"line":457,"column":43}},{"start":{"line":457,"column":46},"end":{"line":457,"column":51}}],"line":457},"66":{"loc":{"start":{"line":469,"column":24},"end":{"line":469,"column":59}},"type":"binary-expr","locations":[{"start":{"line":469,"column":24},"end":{"line":469,"column":36}},{"start":{"line":469,"column":40},"end":{"line":469,"column":59}}],"line":469},"67":{"loc":{"start":{"line":478,"column":15},"end":{"line":555,"column":15}},"type":"cond-expr","locations":[{"start":{"line":479,"column":16},"end":{"line":479,"column":39}},{"start":{"line":481,"column":16},"end":{"line":554,"column":18}}],"line":478},"68":{"loc":{"start":{"line":485,"column":35},"end":{"line":487,"column":59}},"type":"cond-expr","locations":[{"start":{"line":486,"column":24},"end":{"line":486,"column":35}},{"start":{"line":487,"column":24},"end":{"line":487,"column":59}}],"line":485},"69":{"loc":{"start":{"line":490,"column":25},"end":{"line":549,"column":25}},"type":"cond-expr","locations":[{"start":{"line":491,"column":26},"end":{"line":508,"column":33}},{"start":{"line":510,"column":26},"end":{"line":548,"column":29}}],"line":490},"70":{"loc":{"start":{"line":518,"column":34},"end":{"line":518,"column":71}},"type":"binary-expr","locations":[{"start":{"line":518,"column":34},"end":{"line":518,"column":51}},{"start":{"line":518,"column":55},"end":{"line":518,"column":71}}],"line":518},"71":{"loc":{"start":{"line":521,"column":33},"end":{"line":521,"column":62}},"type":"cond-expr","locations":[{"start":{"line":521,"column":53},"end":{"line":521,"column":56}},{"start":{"line":521,"column":59},"end":{"line":521,"column":62}}],"line":521},"72":{"loc":{"start":{"line":523,"column":31},"end":{"line":528,"column":31}},"type":"binary-expr","locations":[{"start":{"line":523,"column":31},"end":{"line":523,"column":47}},{"start":{"line":524,"column":32},"end":{"line":527,"column":39}}],"line":523},"73":{"loc":{"start":{"line":529,"column":31},"end":{"line":533,"column":31}},"type":"binary-expr","locations":[{"start":{"line":529,"column":31},"end":{"line":529,"column":48}},{"start":{"line":529,"column":52},"end":{"line":529,"column":76}},{"start":{"line":530,"column":32},"end":{"line":532,"column":39}}],"line":529},"74":{"loc":{"start":{"line":567,"column":27},"end":{"line":567,"column":43}},"type":"cond-expr","locations":[{"start":{"line":567,"column":37},"end":{"line":567,"column":38}},{"start":{"line":567,"column":41},"end":{"line":567,"column":43}}],"line":567}},"s":{"0":1,"1":0,"2":3,"3":1,"4":2,"5":2,"6":2,"7":2,"8":6,"9":6,"10":6,"11":15,"12":10,"13":5,"14":5,"15":5,"16":5,"17":5,"18":2,"19":3,"20":0,"21":3,"22":0,"23":3,"24":0,"25":3,"26":19,"27":4,"28":2,"29":0,"30":0,"31":0,"32":13,"33":11,"34":4,"35":0,"36":0,"37":0,"38":7,"39":16,"40":3,"41":1,"42":2,"43":0,"44":2,"45":0,"46":2,"47":60,"48":60,"49":60,"50":60,"51":60,"52":60,"53":60,"54":60,"55":60,"56":60,"57":60,"58":60,"59":60,"60":60,"61":60,"62":60,"63":60,"64":60,"65":60,"66":13,"67":0,"68":13,"69":13,"70":13,"71":0,"72":13,"73":13,"74":4,"75":4,"76":1,"77":3,"78":3,"79":3,"80":3,"81":0,"82":3,"83":3,"84":3,"85":3,"86":3,"87":3,"88":3,"89":3,"90":3,"91":3,"92":1,"93":0,"94":1,"95":1,"96":1,"97":1,"98":1,"99":1,"100":0,"101":1,"102":1,"103":1,"104":1,"105":1,"106":1,"107":1,"108":0,"109":1,"110":1,"111":1,"112":1,"113":1,"114":1,"115":1,"116":60,"117":60,"118":13,"119":13,"120":60,"121":13,"122":0,"123":0,"124":0,"125":0,"126":0,"127":0,"128":0,"129":0,"130":0,"131":0,"132":0,"133":0,"134":13,"135":13,"136":60,"137":0,"138":0,"139":0,"140":0,"141":0,"142":0,"143":0,"144":0,"145":0,"146":0,"147":60,"148":0,"149":0,"150":0,"151":0,"152":0,"153":0,"154":60,"155":0,"156":0,"157":0,"158":60,"159":31,"160":19,"161":2,"162":17,"163":2,"164":15,"165":60,"166":0,"167":0,"168":4,"169":4,"170":2,"171":2,"172":0,"173":0,"174":0,"175":0,"176":2,"177":2,"178":0,"179":180,"180":2,"181":31,"182":19,"183":19,"184":1,"185":0,"186":0,"187":1,"188":1,"189":1,"190":1,"191":0,"192":0,"193":0,"194":0,"195":1},"f":{"0":0,"1":3,"2":15,"3":19,"4":11,"5":16,"6":3,"7":60,"8":13,"9":4,"10":3,"11":1,"12":1,"13":1,"14":1,"15":1,"16":1,"17":1,"18":1,"19":1,"20":60,"21":13,"22":0,"23":13,"24":0,"25":0,"26":0,"27":0,"28":31,"29":19,"30":0,"31":0,"32":4,"33":4,"34":2,"35":2,"36":0,"37":180,"38":2,"39":31,"40":19,"41":1,"42":0,"43":1,"44":1,"45":1,"46":0},"b":{"0":[1,2],"1":[6,0],"2":[10,5],"3":[2,3],"4":[0,3],"5":[0,3],"6":[0,3],"7":[4,2,0,0,0,13],"8":[4,0,0,0,7],"9":[1,2],"10":[3,1],"11":[0,2],"12":[2,0],"13":[0,2],"14":[2,2],"15":[0,13],"16":[13,13],"17":[0,13],"18":[13,0],"19":[1,3],"20":[4,3,3],"21":[2,1],"22":[0,3],"23":[3,0],"24":[3,0],"25":[0,1],"26":[1,0],"27":[1,0],"28":[0,1],"29":[1,0],"30":[0,1],"31":[1,1],"32":[1,0],"33":[1,0],"34":[13,47],"35":[60,60,60],"36":[0,13],"37":[0,0],"38":[0,0],"39":[0,0],"40":[0,0],"41":[0,0],"42":[0,0],"43":[0,0],"44":[0,0],"45":[2,17],"46":[2,15],"47":[60,60],"48":[60,60],"49":[60,0],"50":[60,0],"51":[60,0],"52":[15,45],"53":[15,45],"54":[60,15],"55":[15,11],"56":[4,11],"57":[15,6],"58":[6,2],"59":[6,0],"60":[0,2],"61":[0,0],"62":[0,0],"63":[2,0],"64":[6,6],"65":[3,12],"66":[180,60],"67":[40,20],"68":[4,15],"69":[2,17],"70":[17,4],"71":[4,13],"72":[17,5],"73":[17,9,2],"74":[0,0]},"_coverageSchema":"1a1c01bbd47fc00a2c39e90264f33305004495a9","hash":"b92c4a0fd014231dae234f8f54158629aea5573a"}
,"/Users/deethya/packed/src/app/spot/[id].tsx": {"path":"/Users/deethya/packed/src/app/spot/[id].tsx","statementMap":{"0":{"start":{"line":12,"column":2},"end":{"line":12,"column":45}},"1":{"start":{"line":13,"column":17},"end":{"line":13,"column":28}},"2":{"start":{"line":15,"column":34},"end":{"line":15,"column":89}},"3":{"start":{"line":17,"column":19},"end":{"line":17,"column":24}},"4":{"start":{"line":19,"column":22},"end":{"line":19,"column":60}},"5":{"start":{"line":21,"column":15},"end":{"line":21,"column":45}},"6":{"start":{"line":21,"column":33},"end":{"line":21,"column":44}},"7":{"start":{"line":22,"column":16},"end":{"line":22,"column":59}},"8":{"start":{"line":22,"column":42},"end":{"line":22,"column":58}},"9":{"start":{"line":25,"column":19},"end":{"line":25,"column":32}},"10":{"start":{"line":26,"column":19},"end":{"line":26,"column":28}},"11":{"start":{"line":28,"column":17},"end":{"line":28,"column":25}},"12":{"start":{"line":32,"column":41},"end":{"line":32,"column":87}},"13":{"start":{"line":34,"column":4},"end":{"line":42,"column":5}},"14":{"start":{"line":37,"column":8},"end":{"line":37,"column":58}},"15":{"start":{"line":38,"column":6},"end":{"line":41,"column":7}},"16":{"start":{"line":39,"column":8},"end":{"line":39,"column":44}},"17":{"start":{"line":40,"column":8},"end":{"line":40,"column":15}},"18":{"start":{"line":44,"column":4},"end":{"line":46,"column":5}},"19":{"start":{"line":45,"column":6},"end":{"line":45,"column":42}},"20":{"start":{"line":49,"column":20},"end":{"line":49,"column":36}},"21":{"start":{"line":50,"column":20},"end":{"line":50,"column":36}},"22":{"start":{"line":54,"column":21},"end":{"line":54,"column":47}},"23":{"start":{"line":55,"column":20},"end":{"line":55,"column":44}},"24":{"start":{"line":56,"column":20},"end":{"line":56,"column":45}},"25":{"start":{"line":59,"column":21},"end":{"line":59,"column":74}},"26":{"start":{"line":60,"column":4},"end":{"line":60,"column":39}},"27":{"start":{"line":61,"column":4},"end":{"line":61,"column":44}},"28":{"start":{"line":63,"column":4},"end":{"line":67,"column":5}},"29":{"start":{"line":64,"column":6},"end":{"line":64,"column":60}},"30":{"start":{"line":65,"column":6},"end":{"line":65,"column":77}},"31":{"start":{"line":66,"column":6},"end":{"line":66,"column":13}},"32":{"start":{"line":70,"column":20},"end":{"line":79,"column":4}},"33":{"start":{"line":82,"column":2},"end":{"line":87,"column":3}},"34":{"start":{"line":83,"column":2},"end":{"line":83,"column":38}},"35":{"start":{"line":84,"column":2},"end":{"line":84,"column":31}},"36":{"start":{"line":85,"column":2},"end":{"line":85,"column":73}},"37":{"start":{"line":86,"column":2},"end":{"line":86,"column":9}},"38":{"start":{"line":89,"column":4},"end":{"line":97,"column":9}},"39":{"start":{"line":100,"column":2},"end":{"line":126,"column":4}},"40":{"start":{"line":107,"column":34},"end":{"line":110,"column":11}},"41":{"start":{"line":116,"column":25},"end":{"line":116,"column":38}},"42":{"start":{"line":117,"column":34},"end":{"line":120,"column":11}},"43":{"start":{"line":129,"column":15},"end":{"line":194,"column":2}}},"fnMap":{"0":{"name":"SpotScreen","decl":{"start":{"line":11,"column":24},"end":{"line":11,"column":34}},"loc":{"start":{"line":11,"column":37},"end":{"line":127,"column":1}},"line":11},"1":{"name":"(anonymous_1)","decl":{"start":{"line":21,"column":26},"end":{"line":21,"column":27}},"loc":{"start":{"line":21,"column":33},"end":{"line":21,"column":44}},"line":21},"2":{"name":"(anonymous_2)","decl":{"start":{"line":22,"column":35},"end":{"line":22,"column":36}},"loc":{"start":{"line":22,"column":42},"end":{"line":22,"column":58}},"line":22},"3":{"name":"handleCheckin","decl":{"start":{"line":30,"column":17},"end":{"line":30,"column":30}},"loc":{"start":{"line":30,"column":33},"end":{"line":98,"column":3}},"line":30},"4":{"name":"(anonymous_4)","decl":{"start":{"line":107,"column":17},"end":{"line":107,"column":18}},"loc":{"start":{"line":107,"column":34},"end":{"line":110,"column":11}},"line":107},"5":{"name":"(anonymous_5)","decl":{"start":{"line":116,"column":19},"end":{"line":116,"column":20}},"loc":{"start":{"line":116,"column":25},"end":{"line":116,"column":38}},"line":116},"6":{"name":"(anonymous_6)","decl":{"start":{"line":117,"column":17},"end":{"line":117,"column":18}},"loc":{"start":{"line":117,"column":34},"end":{"line":120,"column":11}},"line":117}},"branchMap":{"0":{"loc":{"start":{"line":34,"column":4},"end":{"line":42,"column":5}},"type":"if","locations":[{"start":{"line":34,"column":4},"end":{"line":42,"column":5}},{"start":{},"end":{}}],"line":34},"1":{"loc":{"start":{"line":38,"column":6},"end":{"line":41,"column":7}},"type":"if","locations":[{"start":{"line":38,"column":6},"end":{"line":41,"column":7}},{"start":{},"end":{}}],"line":38},"2":{"loc":{"start":{"line":44,"column":4},"end":{"line":46,"column":5}},"type":"if","locations":[{"start":{"line":44,"column":4},"end":{"line":46,"column":5}},{"start":{},"end":{}}],"line":44},"3":{"loc":{"start":{"line":63,"column":4},"end":{"line":67,"column":5}},"type":"if","locations":[{"start":{"line":63,"column":4},"end":{"line":67,"column":5}},{"start":{},"end":{}}],"line":63},"4":{"loc":{"start":{"line":63,"column":8},"end":{"line":63,"column":49}},"type":"binary-expr","locations":[{"start":{"line":63,"column":8},"end":{"line":63,"column":23}},{"start":{"line":63,"column":27},"end":{"line":63,"column":49}}],"line":63},"5":{"loc":{"start":{"line":82,"column":2},"end":{"line":87,"column":3}},"type":"if","locations":[{"start":{"line":82,"column":2},"end":{"line":87,"column":3}},{"start":{},"end":{}}],"line":82},"6":{"loc":{"start":{"line":109,"column":12},"end":{"line":109,"column":70}},"type":"binary-expr","locations":[{"start":{"line":109,"column":12},"end":{"line":109,"column":19}},{"start":{"line":109,"column":23},"end":{"line":109,"column":70}}],"line":109},"7":{"loc":{"start":{"line":119,"column":12},"end":{"line":119,"column":39}},"type":"binary-expr","locations":[{"start":{"line":119,"column":12},"end":{"line":119,"column":19}},{"start":{"line":119,"column":23},"end":{"line":119,"column":39}}],"line":119}},"s":{"0":5,"1":5,"2":5,"3":5,"4":5,"5":5,"6":5,"7":5,"8":5,"9":5,"10":5,"11":5,"12":4,"13":4,"14":1,"15":1,"16":1,"17":1,"18":3,"19":0,"20":3,"21":3,"22":3,"23":3,"24":3,"25":3,"26":3,"27":3,"28":3,"29":1,"30":1,"31":1,"32":2,"33":2,"34":1,"35":1,"36":1,"37":1,"38":1,"39":5,"40":5,"41":0,"42":5,"43":1},"f":{"0":5,"1":5,"2":5,"3":4,"4":5,"5":0,"6":5},"b":{"0":[1,3],"1":[1,0],"2":[0,3],"3":[1,2],"4":[3,3],"5":[1,1],"6":[5,0],"7":[5,0]},"_coverageSchema":"1a1c01bbd47fc00a2c39e90264f33305004495a9","hash":"fd1ad925db33d42dfa4e1fc2fe4a02ff5d0bf180"}
,"/Users/deethya/packed/src/components/PomodoroTimer.tsx": {"path":"/Users/deethya/packed/src/components/PomodoroTimer.tsx","statementMap":{"0":{"start":{"line":23,"column":22},"end":{"line":25,"column":22}},"1":{"start":{"line":27,"column":2},"end":{"line":62,"column":4}},"2":{"start":{"line":31,"column":25},"end":{"line":31,"column":44}},"3":{"start":{"line":39,"column":25},"end":{"line":39,"column":43}},"4":{"start":{"line":65,"column":15},"end":{"line":93,"column":2}}},"fnMap":{"0":{"name":"PomodoroTimer","decl":{"start":{"line":14,"column":24},"end":{"line":14,"column":37}},"loc":{"start":{"line":22,"column":18},"end":{"line":63,"column":1}},"line":22},"1":{"name":"(anonymous_1)","decl":{"start":{"line":31,"column":19},"end":{"line":31,"column":20}},"loc":{"start":{"line":31,"column":25},"end":{"line":31,"column":44}},"line":31},"2":{"name":"(anonymous_2)","decl":{"start":{"line":39,"column":19},"end":{"line":39,"column":20}},"loc":{"start":{"line":39,"column":25},"end":{"line":39,"column":43}},"line":39}},"branchMap":{"0":{"loc":{"start":{"line":32,"column":34},"end":{"line":32,"column":66}},"type":"binary-expr","locations":[{"start":{"line":32,"column":34},"end":{"line":32,"column":42}},{"start":{"line":32,"column":46},"end":{"line":32,"column":66}}],"line":32},"1":{"loc":{"start":{"line":34,"column":41},"end":{"line":34,"column":74}},"type":"binary-expr","locations":[{"start":{"line":34,"column":41},"end":{"line":34,"column":49}},{"start":{"line":34,"column":53},"end":{"line":34,"column":74}}],"line":34},"2":{"loc":{"start":{"line":40,"column":34},"end":{"line":40,"column":65}},"type":"binary-expr","locations":[{"start":{"line":40,"column":34},"end":{"line":40,"column":41}},{"start":{"line":40,"column":45},"end":{"line":40,"column":65}}],"line":40},"3":{"loc":{"start":{"line":42,"column":41},"end":{"line":42,"column":73}},"type":"binary-expr","locations":[{"start":{"line":42,"column":41},"end":{"line":42,"column":48}},{"start":{"line":42,"column":52},"end":{"line":42,"column":73}}],"line":42},"4":{"loc":{"start":{"line":53,"column":13},"end":{"line":53,"column":41}},"type":"cond-expr","locations":[{"start":{"line":53,"column":24},"end":{"line":53,"column":31}},{"start":{"line":53,"column":34},"end":{"line":53,"column":41}}],"line":53}},"s":{"0":3,"1":3,"2":0,"3":1,"4":1},"f":{"0":3,"1":0,"2":1},"b":{"0":[3,3],"1":[3,3],"2":[3,0],"3":[3,0],"4":[0,3]},"_coverageSchema":"1a1c01bbd47fc00a2c39e90264f33305004495a9","hash":"b5bc4c497c5f1585d47790a4e95a2933daea4ef0"}
,"/Users/deethya/packed/src/components/RewardSystem.tsx": {"path":"/Users/deethya/packed/src/components/RewardSystem.tsx","statementMap":{"0":{"start":{"line":13,"column":28},"end":{"line":194,"column":1}},"1":{"start":{"line":20,"column":54},"end":{"line":20,"column":69}},"2":{"start":{"line":22,"column":21},"end":{"line":22,"column":45}},"3":{"start":{"line":23,"column":27},"end":{"line":23,"column":43}},"4":{"start":{"line":24,"column":24},"end":{"line":24,"column":46}},"5":{"start":{"line":26,"column":21},"end":{"line":26,"column":46}},"6":{"start":{"line":27,"column":19},"end":{"line":27,"column":61}},"7":{"start":{"line":28,"column":20},"end":{"line":28,"column":55}},"8":{"start":{"line":31,"column":4},"end":{"line":33,"column":50}},"9":{"start":{"line":35,"column":27},"end":{"line":35,"column":51}},"10":{"start":{"line":37,"column":20},"end":{"line":68,"column":3}},"11":{"start":{"line":70,"column":23},"end":{"line":73,"column":3}},"12":{"start":{"line":76,"column":4},"end":{"line":76,"column":76}},"13":{"start":{"line":78,"column":23},"end":{"line":78,"column":68}},"14":{"start":{"line":80,"column":2},"end":{"line":193,"column":4}},"15":{"start":{"line":107,"column":16},"end":{"line":112,"column":23}},"16":{"start":{"line":120,"column":29},"end":{"line":120,"column":67}},"17":{"start":{"line":120,"column":61},"end":{"line":120,"column":66}},"18":{"start":{"line":157,"column":18},"end":{"line":167,"column":25}},"19":{"start":{"line":196,"column":15},"end":{"line":358,"column":2}}},"fnMap":{"0":{"name":"(anonymous_0)","decl":{"start":{"line":13,"column":28},"end":{"line":13,"column":29}},"loc":{"start":{"line":19,"column":25},"end":{"line":194,"column":1}},"line":19},"1":{"name":"(anonymous_1)","decl":{"start":{"line":106,"column":32},"end":{"line":106,"column":33}},"loc":{"start":{"line":107,"column":16},"end":{"line":112,"column":23}},"line":107},"2":{"name":"(anonymous_2)","decl":{"start":{"line":120,"column":23},"end":{"line":120,"column":24}},"loc":{"start":{"line":120,"column":29},"end":{"line":120,"column":67}},"line":120},"3":{"name":"(anonymous_3)","decl":{"start":{"line":120,"column":51},"end":{"line":120,"column":52}},"loc":{"start":{"line":120,"column":61},"end":{"line":120,"column":66}},"line":120},"4":{"name":"(anonymous_4)","decl":{"start":{"line":156,"column":34},"end":{"line":156,"column":35}},"loc":{"start":{"line":157,"column":18},"end":{"line":167,"column":25}},"line":157}},"branchMap":{"0":{"loc":{"start":{"line":31,"column":4},"end":{"line":33,"column":50}},"type":"cond-expr","locations":[{"start":{"line":32,"column":8},"end":{"line":32,"column":27}},{"start":{"line":33,"column":8},"end":{"line":33,"column":50}}],"line":31},"1":{"loc":{"start":{"line":76,"column":4},"end":{"line":76,"column":76}},"type":"cond-expr","locations":[{"start":{"line":76,"column":42},"end":{"line":76,"column":69}},{"start":{"line":76,"column":72},"end":{"line":76,"column":76}}],"line":76},"2":{"loc":{"start":{"line":84,"column":7},"end":{"line":191,"column":7}},"type":"cond-expr","locations":[{"start":{"line":85,"column":8},"end":{"line":85,"column":72}},{"start":{"line":86,"column":10},"end":{"line":191,"column":7}}],"line":84},"3":{"loc":{"start":{"line":86,"column":10},"end":{"line":191,"column":7}},"type":"cond-expr","locations":[{"start":{"line":87,"column":8},"end":{"line":87,"column":61}},{"start":{"line":89,"column":8},"end":{"line":190,"column":11}}],"line":86},"4":{"loc":{"start":{"line":126,"column":11},"end":{"line":145,"column":11}},"type":"binary-expr","locations":[{"start":{"line":126,"column":11},"end":{"line":126,"column":29}},{"start":{"line":127,"column":12},"end":{"line":144,"column":19}}],"line":126},"5":{"loc":{"start":{"line":150,"column":13},"end":{"line":170,"column":13}},"type":"cond-expr","locations":[{"start":{"line":151,"column":14},"end":{"line":153,"column":21}},{"start":{"line":155,"column":14},"end":{"line":169,"column":21}}],"line":150},"6":{"loc":{"start":{"line":171,"column":13},"end":{"line":188,"column":13}},"type":"binary-expr","locations":[{"start":{"line":171,"column":13},"end":{"line":171,"column":22}},{"start":{"line":172,"column":14},"end":{"line":187,"column":21}}],"line":171}},"s":{"0":1,"1":12,"2":12,"3":12,"4":12,"5":12,"6":12,"7":12,"8":12,"9":12,"10":12,"11":12,"12":12,"13":12,"14":12,"15":90,"16":3,"17":3,"18":8,"19":1},"f":{"0":12,"1":90,"2":3,"3":3,"4":8},"b":{"0":[0,12],"1":[11,1],"2":[1,11],"3":[1,10],"4":[10,2],"5":[7,3],"6":[10,9]},"_coverageSchema":"1a1c01bbd47fc00a2c39e90264f33305004495a9","hash":"cd11412ad46b55135cc070f50ac96be6b3fdd17a"}
,"/Users/deethya/packed/src/lib/notifications.tsx": {"path":"/Users/deethya/packed/src/lib/notifications.tsx","statementMap":{"0":{"start":{"line":10,"column":0},"end":{"line":17,"column":3}},"1":{"start":{"line":11,"column":35},"end":{"line":16,"column":3}},"2":{"start":{"line":20,"column":44},"end":{"line":20,"column":56}},"3":{"start":{"line":21,"column":34},"end":{"line":21,"column":83}},"4":{"start":{"line":22,"column":42},"end":{"line":24,"column":3}},"5":{"start":{"line":25,"column":19},"end":{"line":25,"column":32}},"6":{"start":{"line":27,"column":2},"end":{"line":45,"column":9}},"7":{"start":{"line":28,"column":4},"end":{"line":28,"column":88}},"8":{"start":{"line":28,"column":54},"end":{"line":28,"column":86}},"9":{"start":{"line":30,"column":4},"end":{"line":32,"column":5}},"10":{"start":{"line":31,"column":6},"end":{"line":31,"column":91}},"11":{"start":{"line":31,"column":65},"end":{"line":31,"column":89}},"12":{"start":{"line":33,"column":33},"end":{"line":35,"column":6}},"13":{"start":{"line":34,"column":6},"end":{"line":34,"column":36}},"14":{"start":{"line":37,"column":29},"end":{"line":39,"column":6}},"15":{"start":{"line":38,"column":6},"end":{"line":38,"column":28}},"16":{"start":{"line":41,"column":4},"end":{"line":44,"column":6}},"17":{"start":{"line":42,"column":6},"end":{"line":42,"column":36}},"18":{"start":{"line":43,"column":6},"end":{"line":43,"column":32}},"19":{"start":{"line":47,"column":2},"end":{"line":72,"column":4}},"20":{"start":{"line":56,"column":26},"end":{"line":56,"column":30}},"21":{"start":{"line":68,"column":10},"end":{"line":68,"column":43}},"22":{"start":{"line":77,"column":37},"end":{"line":77,"column":78}},"23":{"start":{"line":78,"column":22},"end":{"line":78,"column":36}},"24":{"start":{"line":80,"column":4},"end":{"line":83,"column":5}},"25":{"start":{"line":81,"column":25},"end":{"line":81,"column":70}},"26":{"start":{"line":82,"column":6},"end":{"line":82,"column":27}},"27":{"start":{"line":85,"column":4},"end":{"line":88,"column":5}},"28":{"start":{"line":86,"column":6},"end":{"line":86,"column":44}},"29":{"start":{"line":87,"column":6},"end":{"line":87,"column":18}},"30":{"start":{"line":90,"column":3},"end":{"line":104,"column":5}},"31":{"start":{"line":91,"column":26},"end":{"line":91,"column":69}},"32":{"start":{"line":92,"column":18},"end":{"line":92,"column":36}},"33":{"start":{"line":93,"column":4},"end":{"line":93,"column":48}},"34":{"start":{"line":94,"column":4},"end":{"line":94,"column":38}},"35":{"start":{"line":95,"column":4},"end":{"line":95,"column":17}},"36":{"start":{"line":98,"column":4},"end":{"line":102,"column":7}},"37":{"start":{"line":99,"column":4},"end":{"line":99,"column":85}},"38":{"start":{"line":101,"column":5},"end":{"line":101,"column":55}},"39":{"start":{"line":103,"column":5},"end":{"line":103,"column":17}},"40":{"start":{"line":109,"column":2},"end":{"line":109,"column":32}},"41":{"start":{"line":109,"column":25},"end":{"line":109,"column":32}},"42":{"start":{"line":111,"column":2},"end":{"line":111,"column":50}},"43":{"start":{"line":113,"column":26},"end":{"line":118,"column":4}},"44":{"start":{"line":119,"column":2},"end":{"line":119,"column":51}}},"fnMap":{"0":{"name":"(anonymous_0)","decl":{"start":{"line":11,"column":22},"end":{"line":11,"column":23}},"loc":{"start":{"line":11,"column":35},"end":{"line":16,"column":3}},"line":11},"1":{"name":"App","decl":{"start":{"line":19,"column":24},"end":{"line":19,"column":27}},"loc":{"start":{"line":19,"column":30},"end":{"line":73,"column":1}},"line":19},"2":{"name":"(anonymous_2)","decl":{"start":{"line":27,"column":12},"end":{"line":27,"column":13}},"loc":{"start":{"line":27,"column":18},"end":{"line":45,"column":3}},"line":27},"3":{"name":"(anonymous_3)","decl":{"start":{"line":28,"column":45},"end":{"line":28,"column":46}},"loc":{"start":{"line":28,"column":54},"end":{"line":28,"column":86}},"line":28},"4":{"name":"(anonymous_4)","decl":{"start":{"line":31,"column":56},"end":{"line":31,"column":57}},"loc":{"start":{"line":31,"column":65},"end":{"line":31,"column":89}},"line":31},"5":{"name":"(anonymous_5)","decl":{"start":{"line":33,"column":79},"end":{"line":33,"column":80}},"loc":{"start":{"line":33,"column":95},"end":{"line":35,"column":5}},"line":33},"6":{"name":"(anonymous_6)","decl":{"start":{"line":37,"column":83},"end":{"line":37,"column":84}},"loc":{"start":{"line":37,"column":95},"end":{"line":39,"column":5}},"line":37},"7":{"name":"(anonymous_7)","decl":{"start":{"line":41,"column":11},"end":{"line":41,"column":12}},"loc":{"start":{"line":41,"column":17},"end":{"line":44,"column":5}},"line":41},"8":{"name":"(anonymous_8)","decl":{"start":{"line":56,"column":21},"end":{"line":56,"column":22}},"loc":{"start":{"line":56,"column":26},"end":{"line":56,"column":30}},"line":56},"9":{"name":"(anonymous_9)","decl":{"start":{"line":67,"column":17},"end":{"line":67,"column":18}},"loc":{"start":{"line":67,"column":29},"end":{"line":69,"column":9}},"line":67},"10":{"name":"registerForPushNotificationsAsync","decl":{"start":{"line":75,"column":22},"end":{"line":75,"column":55}},"loc":{"start":{"line":75,"column":58},"end":{"line":106,"column":1}},"line":75},"11":{"name":"saveTokenToSupabase","decl":{"start":{"line":108,"column":22},"end":{"line":108,"column":41}},"loc":{"start":{"line":108,"column":88},"end":{"line":120,"column":1}},"line":108}},"branchMap":{"0":{"loc":{"start":{"line":28,"column":54},"end":{"line":28,"column":86}},"type":"binary-expr","locations":[{"start":{"line":28,"column":54},"end":{"line":28,"column":59}},{"start":{"line":28,"column":63},"end":{"line":28,"column":86}}],"line":28},"1":{"loc":{"start":{"line":30,"column":4},"end":{"line":32,"column":5}},"type":"if","locations":[{"start":{"line":30,"column":4},"end":{"line":32,"column":5}},{"start":{},"end":{}}],"line":30},"2":{"loc":{"start":{"line":31,"column":77},"end":{"line":31,"column":88}},"type":"binary-expr","locations":[{"start":{"line":31,"column":77},"end":{"line":31,"column":82}},{"start":{"line":31,"column":86},"end":{"line":31,"column":88}}],"line":31},"3":{"loc":{"start":{"line":61,"column":22},"end":{"line":61,"column":72}},"type":"binary-expr","locations":[{"start":{"line":61,"column":22},"end":{"line":61,"column":34}},{"start":{"line":61,"column":38},"end":{"line":61,"column":72}}],"line":61},"4":{"loc":{"start":{"line":62,"column":21},"end":{"line":62,"column":70}},"type":"binary-expr","locations":[{"start":{"line":62,"column":21},"end":{"line":62,"column":33}},{"start":{"line":62,"column":37},"end":{"line":62,"column":70}}],"line":62},"5":{"loc":{"start":{"line":63,"column":21},"end":{"line":63,"column":86}},"type":"binary-expr","locations":[{"start":{"line":63,"column":21},"end":{"line":63,"column":33}},{"start":{"line":63,"column":37},"end":{"line":63,"column":86}}],"line":63},"6":{"loc":{"start":{"line":80,"column":4},"end":{"line":83,"column":5}},"type":"if","locations":[{"start":{"line":80,"column":4},"end":{"line":83,"column":5}},{"start":{},"end":{}}],"line":80},"7":{"loc":{"start":{"line":85,"column":4},"end":{"line":88,"column":5}},"type":"if","locations":[{"start":{"line":85,"column":4},"end":{"line":88,"column":5}},{"start":{},"end":{}}],"line":85},"8":{"loc":{"start":{"line":98,"column":4},"end":{"line":102,"column":7}},"type":"if","locations":[{"start":{"line":98,"column":4},"end":{"line":102,"column":7}},{"start":{"line":100,"column":12},"end":{"line":102,"column":7}}],"line":98},"9":{"loc":{"start":{"line":98,"column":8},"end":{"line":98,"column":86}},"type":"binary-expr","locations":[{"start":{"line":98,"column":8},"end":{"line":98,"column":37}},{"start":{"line":98,"column":41},"end":{"line":98,"column":86}}],"line":98},"10":{"loc":{"start":{"line":109,"column":2},"end":{"line":109,"column":32}},"type":"if","locations":[{"start":{"line":109,"column":2},"end":{"line":109,"column":32}},{"start":{},"end":{}}],"line":109},"11":{"loc":{"start":{"line":109,"column":6},"end":{"line":109,"column":23}},"type":"binary-expr","locations":[{"start":{"line":109,"column":6},"end":{"line":109,"column":12}},{"start":{"line":109,"column":16},"end":{"line":109,"column":23}}],"line":109}},"s":{"0":3,"1":1,"2":0,"3":0,"4":0,"5":0,"6":0,"7":0,"8":0,"9":0,"10":0,"11":0,"12":0,"13":0,"14":0,"15":0,"16":0,"17":0,"18":0,"19":0,"20":0,"21":0,"22":7,"23":6,"24":6,"25":3,"26":2,"27":5,"28":1,"29":1,"30":4,"31":4,"32":3,"33":3,"34":2,"35":2,"36":2,"37":1,"38":1,"39":2,"40":5,"41":1,"42":4,"43":4,"44":3},"f":{"0":1,"1":0,"2":0,"3":0,"4":0,"5":0,"6":0,"7":0,"8":0,"9":0,"10":7,"11":5},"b":{"0":[0,0],"1":[0,0],"2":[0,0],"3":[0,0],"4":[0,0],"5":[0,0],"6":[3,3],"7":[1,4],"8":[1,1],"9":[2,1],"10":[1,4],"11":[5,4]},"_coverageSchema":"1a1c01bbd47fc00a2c39e90264f33305004495a9","hash":"fb1ef6afc7a95b6eb70e3ff7afc6e5400c1dbed5"}
,"/Users/deethya/packed/src/lib/supabase-client.tsx": {"path":"/Users/deethya/packed/src/lib/supabase-client.tsx","statementMap":{"0":{"start":{"line":5,"column":20},"end":{"line":5,"column":56}},"1":{"start":{"line":6,"column":24},"end":{"line":6,"column":65}},"2":{"start":{"line":9,"column":23},"end":{"line":9,"column":32}},"3":{"start":{"line":12,"column":2},"end":{"line":36,"column":17}},"4":{"start":{"line":14,"column":4},"end":{"line":17,"column":5}},"5":{"start":{"line":15,"column":6},"end":{"line":15,"column":67}},"6":{"start":{"line":16,"column":6},"end":{"line":16,"column":18}},"7":{"start":{"line":19,"column":4},"end":{"line":35,"column":7}},"8":{"start":{"line":22,"column":24},"end":{"line":22,"column":64}},"9":{"start":{"line":23,"column":26},"end":{"line":23,"column":54}},"10":{"start":{"line":25,"column":10},"end":{"line":27,"column":11}},"11":{"start":{"line":26,"column":12},"end":{"line":26,"column":60}},"12":{"start":{"line":29,"column":10},"end":{"line":29,"column":53}}},"fnMap":{"0":{"name":"useSupabase","decl":{"start":{"line":8,"column":16},"end":{"line":8,"column":27}},"loc":{"start":{"line":8,"column":30},"end":{"line":37,"column":1}},"line":8},"1":{"name":"(anonymous_1)","decl":{"start":{"line":12,"column":17},"end":{"line":12,"column":18}},"loc":{"start":{"line":12,"column":23},"end":{"line":36,"column":3}},"line":12},"2":{"name":"(anonymous_2)","decl":{"start":{"line":21,"column":15},"end":{"line":21,"column":16}},"loc":{"start":{"line":21,"column":44},"end":{"line":30,"column":9}},"line":21}},"branchMap":{"0":{"loc":{"start":{"line":14,"column":4},"end":{"line":17,"column":5}},"type":"if","locations":[{"start":{"line":14,"column":4},"end":{"line":17,"column":5}},{"start":{},"end":{}}],"line":14},"1":{"loc":{"start":{"line":14,"column":8},"end":{"line":14,"column":40}},"type":"binary-expr","locations":[{"start":{"line":14,"column":8},"end":{"line":14,"column":20}},{"start":{"line":14,"column":24},"end":{"line":14,"column":40}}],"line":14},"2":{"loc":{"start":{"line":21,"column":27},"end":{"line":21,"column":39}},"type":"default-arg","locations":[{"start":{"line":21,"column":37},"end":{"line":21,"column":39}}],"line":21},"3":{"loc":{"start":{"line":25,"column":10},"end":{"line":27,"column":11}},"type":"if","locations":[{"start":{"line":25,"column":10},"end":{"line":27,"column":11}},{"start":{},"end":{}}],"line":25}},"s":{"0":3,"1":3,"2":0,"3":0,"4":0,"5":0,"6":0,"7":0,"8":0,"9":0,"10":0,"11":0,"12":0},"f":{"0":0,"1":0,"2":0},"b":{"0":[0,0],"1":[0,0],"2":[0],"3":[0,0]},"_coverageSchema":"1a1c01bbd47fc00a2c39e90264f33305004495a9","hash":"3e81b4f9e5c2f96cbd6e1470471b8c3328d2b68d"}
,"/Users/deethya/packed/src/utils/cooldown.tsx": {"path":"/Users/deethya/packed/src/utils/cooldown.tsx","statementMap":{"0":{"start":{"line":2,"column":2},"end":{"line":2,"column":32}},"1":{"start":{"line":2,"column":20},"end":{"line":2,"column":32}},"2":{"start":{"line":5,"column":4},"end":{"line":5,"column":57}},"3":{"start":{"line":7,"column":2},"end":{"line":7,"column":27}}},"fnMap":{"0":{"name":"canCheckIn","decl":{"start":{"line":1,"column":16},"end":{"line":1,"column":26}},"loc":{"start":{"line":1,"column":77},"end":{"line":8,"column":1}},"line":1}},"branchMap":{"0":{"loc":{"start":{"line":1,"column":53},"end":{"line":1,"column":75}},"type":"default-arg","locations":[{"start":{"line":1,"column":65},"end":{"line":1,"column":75}}],"line":1},"1":{"loc":{"start":{"line":2,"column":2},"end":{"line":2,"column":32}},"type":"if","locations":[{"start":{"line":2,"column":2},"end":{"line":2,"column":32}},{"start":{},"end":{}}],"line":2}},"s":{"0":1000,"1":0,"2":1000,"3":1000},"f":{"0":1000},"b":{"0":[0],"1":[0,1000]},"_coverageSchema":"1a1c01bbd47fc00a2c39e90264f33305004495a9","hash":"3a86a4e9d31f546a92c17d0963db08d3fc414cc6"}
,"/Users/deethya/packed/src/utils/timer.tsx": {"path":"/Users/deethya/packed/src/utils/timer.tsx","statementMap":{"0":{"start":{"line":12,"column":14},"end":{"line":12,"column":24}},"1":{"start":{"line":14,"column":20},"end":{"line":14,"column":55}},"2":{"start":{"line":15,"column":18},"end":{"line":15,"column":45}},"3":{"start":{"line":17,"column":22},"end":{"line":17,"column":41}},"4":{"start":{"line":20,"column":2},"end":{"line":20,"column":53}}},"fnMap":{"0":{"name":"calculateRemainingTime","decl":{"start":{"line":8,"column":16},"end":{"line":8,"column":38}},"loc":{"start":{"line":11,"column":10},"end":{"line":21,"column":1}},"line":11}},"branchMap":{},"s":{"0":500,"1":500,"2":500,"3":500,"4":500},"f":{"0":500},"b":{},"_coverageSchema":"1a1c01bbd47fc00a2c39e90264f33305004495a9","hash":"f50245026f7822aebf626169965d9455d743a136"}
}
