TN:
SF:src/app/(protected)/(tabs)/submit.tsx
FN:20,SubmitScreen
FN:39,(anonymous_1)
FN:44,(anonymous_2)
FN:58,(anonymous_3)
FN:59,(anonymous_4)
FN:66,(anonymous_5)
FN:66,(anonymous_6)
FN:70,(anonymous_7)
FN:120,(anonymous_8)
FN:146,(anonymous_9)
FN:168,(anonymous_10)
FN:171,(anonymous_11)
FN:175,(anonymous_12)
FN:187,(anonymous_13)
FN:192,(anonymous_14)
FN:203,(anonymous_15)
FN:213,(anonymous_16)
FNF:17
FNH:8
FNDA:4,SubmitScreen
FNDA:0,(anonymous_1)
FNDA:4,(anonymous_2)
FNDA:4,(anonymous_3)
FNDA:4,(anonymous_4)
FNDA:4,(anonymous_5)
FNDA:4,(anonymous_6)
FNDA:1,(anonymous_7)
FNDA:0,(anonymous_8)
FNDA:0,(anonymous_9)
FNDA:0,(anonymous_10)
FNDA:0,(anonymous_11)
FNDA:0,(anonymous_12)
FNDA:0,(anonymous_13)
FNDA:0,(anonymous_14)
FNDA:0,(anonymous_15)
FNDA:1,(anonymous_16)
DA:21,4
DA:22,4
DA:23,4
DA:25,4
DA:26,4
DA:33,4
DA:34,4
DA:35,4
DA:36,4
DA:38,4
DA:40,0
DA:44,4
DA:45,4
DA:47,0
DA:48,0
DA:49,0
DA:50,0
DA:54,0
DA:58,4
DA:59,4
DA:65,4
DA:66,4
DA:70,4
DA:71,1
DA:72,1
DA:73,1
DA:76,0
DA:77,0
DA:80,0
DA:88,0
DA:89,0
DA:90,0
DA:91,0
DA:93,0
DA:94,0
DA:98,0
DA:103,0
DA:115,0
DA:116,0
DA:120,4
DA:121,0
DA:124,0
DA:125,0
DA:126,0
DA:128,0
DA:137,0
DA:139,0
DA:140,0
DA:141,0
DA:142,0
DA:145,0
DA:146,0
DA:150,4
DA:168,0
DA:172,0
DA:175,0
DA:187,0
DA:192,0
DA:203,0
DA:213,1
DA:224,1
LF:61
LH:24
BRDA:45,0,0,0
BRDA:45,0,1,4
BRDA:48,1,0,0
BRDA:48,1,1,0
BRDA:49,2,0,0
BRDA:49,2,1,0
BRDA:50,3,0,0
BRDA:50,3,1,0
BRDA:66,4,0,4
BRDA:66,4,1,4
BRDA:71,5,0,1
BRDA:71,5,1,0
BRDA:88,6,0,0
BRDA:88,6,1,0
BRDA:88,7,0,0
BRDA:88,7,1,0
BRDA:93,8,0,0
BRDA:93,8,1,0
BRDA:124,9,0,0
BRDA:124,9,1,0
BRDA:125,10,0,0
BRDA:125,10,1,0
BRDA:126,11,0,0
BRDA:126,11,1,0
BRDA:139,12,0,0
BRDA:139,12,1,0
BRDA:164,13,0,4
BRDA:164,13,1,0
BRDA:212,14,0,4
BRDA:212,14,1,0
BRDA:217,15,0,0
BRDA:217,15,1,4
BRF:32
BRH:7
end_of_record
TN:
SF:src/app/(protected)/(tabs)/todo.tsx
FN:31,(anonymous_0)
FN:39,scheduleDeadlineReminder
FN:73,getDeadlineStatus
FN:89,getDeadlineStyle
FN:106,getDeadlineLabel
FN:121,sortTodosByDeadline
FN:122,(anonymous_6)
FN:136,TodoScreen
FN:164,loadTodos
FN:180,handleAddTodo
FN:201,(anonymous_10)
FN:214,toggleTodo
FN:224,(anonymous_12)
FN:224,(anonymous_13)
FN:228,deleteTodo
FN:232,(anonymous_15)
FN:232,(anonymous_16)
FN:236,updateTodo
FN:248,(anonymous_18)
FN:248,(anonymous_19)
FN:255,(anonymous_20)
FN:262,(anonymous_21)
FN:265,(anonymous_22)
FN:280,(anonymous_23)
FN:283,(anonymous_24)
FN:312,(anonymous_25)
FN:323,(anonymous_26)
FN:326,(anonymous_27)
FN:331,(anonymous_28)
FN:332,(anonymous_29)
FN:343,(anonymous_30)
FN:359,(anonymous_31)
FN:382,(anonymous_32)
FN:382,(anonymous_33)
FN:401,(anonymous_34)
FN:422,(anonymous_35)
FN:442,(anonymous_36)
FN:464,(anonymous_37)
FN:465,(anonymous_38)
FN:483,(anonymous_39)
FN:484,(anonymous_40)
FN:497,(anonymous_41)
FN:501,(anonymous_42)
FN:512,(anonymous_43)
FN:537,(anonymous_44)
FN:544,(anonymous_45)
FN:564,(anonymous_46)
FNF:47
FNH:36
FNDA:0,(anonymous_0)
FNDA:3,scheduleDeadlineReminder
FNDA:15,getDeadlineStatus
FNDA:19,getDeadlineStyle
FNDA:11,getDeadlineLabel
FNDA:16,sortTodosByDeadline
FNDA:3,(anonymous_6)
FNDA:60,TodoScreen
FNDA:13,loadTodos
FNDA:4,handleAddTodo
FNDA:3,(anonymous_10)
FNDA:1,toggleTodo
FNDA:1,(anonymous_12)
FNDA:1,(anonymous_13)
FNDA:1,deleteTodo
FNDA:1,(anonymous_15)
FNDA:1,(anonymous_16)
FNDA:1,updateTodo
FNDA:1,(anonymous_18)
FNDA:1,(anonymous_19)
FNDA:60,(anonymous_20)
FNDA:13,(anonymous_21)
FNDA:0,(anonymous_22)
FNDA:13,(anonymous_23)
FNDA:0,(anonymous_24)
FNDA:0,(anonymous_25)
FNDA:0,(anonymous_26)
FNDA:0,(anonymous_27)
FNDA:31,(anonymous_28)
FNDA:19,(anonymous_29)
FNDA:0,(anonymous_30)
FNDA:0,(anonymous_31)
FNDA:4,(anonymous_32)
FNDA:4,(anonymous_33)
FNDA:2,(anonymous_34)
FNDA:2,(anonymous_35)
FNDA:0,(anonymous_36)
FNDA:180,(anonymous_37)
FNDA:2,(anonymous_38)
FNDA:31,(anonymous_39)
FNDA:19,(anonymous_40)
FNDA:1,(anonymous_41)
FNDA:0,(anonymous_42)
FNDA:1,(anonymous_43)
FNDA:1,(anonymous_44)
FNDA:1,(anonymous_45)
FNDA:0,(anonymous_46)
DA:30,1
DA:31,0
DA:43,3
DA:45,2
DA:46,2
DA:48,2
DA:54,2
DA:55,6
DA:57,6
DA:58,6
DA:74,15
DA:76,5
DA:77,5
DA:79,5
DA:80,5
DA:82,5
DA:83,3
DA:84,3
DA:85,3
DA:86,3
DA:90,19
DA:92,4
DA:94,2
DA:96,0
DA:98,0
DA:100,0
DA:102,13
DA:107,11
DA:109,4
DA:111,0
DA:113,0
DA:115,0
DA:117,7
DA:122,16
DA:123,3
DA:124,1
DA:129,2
DA:130,2
DA:132,2
DA:138,60
DA:139,60
DA:142,60
DA:143,60
DA:144,60
DA:145,60
DA:146,60
DA:147,60
DA:148,60
DA:149,60
DA:150,60
DA:151,60
DA:152,60
DA:153,60
DA:156,60
DA:157,60
DA:158,60
DA:159,60
DA:160,60
DA:165,13
DA:166,13
DA:167,13
DA:172,13
DA:173,0
DA:175,13
DA:177,13
DA:181,4
DA:182,4
DA:184,3
DA:185,3
DA:187,3
DA:198,3
DA:199,0
DA:200,3
DA:201,3
DA:202,3
DA:203,3
DA:204,3
DA:206,3
DA:207,3
DA:208,3
DA:211,3
DA:215,1
DA:216,1
DA:223,1
DA:224,1
DA:229,1
DA:230,1
DA:231,1
DA:232,1
DA:237,1
DA:238,1
DA:240,1
DA:247,1
DA:248,1
DA:249,1
DA:250,1
DA:255,60
DA:256,60
DA:257,13
DA:258,13
DA:262,60
DA:264,13
DA:265,0
DA:266,0
DA:268,0
DA:269,0
DA:270,0
DA:271,0
DA:272,0
DA:273,0
DA:274,0
DA:275,0
DA:276,0
DA:277,0
DA:280,13
DA:283,60
DA:284,0
DA:285,0
DA:286,0
DA:287,0
DA:288,0
DA:289,0
DA:290,0
DA:306,0
DA:307,0
DA:308,0
DA:312,60
DA:314,0
DA:315,0
DA:316,0
DA:317,0
DA:318,0
DA:319,0
DA:323,60
DA:324,0
DA:325,0
DA:326,0
DA:331,60
DA:332,31
DA:333,19
DA:334,17
DA:335,15
DA:339,60
DA:343,0
DA:359,0
DA:382,4
DA:401,2
DA:423,2
DA:424,0
DA:426,0
DA:427,0
DA:430,0
DA:433,2
DA:434,2
DA:442,0
DA:465,180
DA:483,31
DA:485,19
DA:488,19
DA:497,1
DA:502,0
DA:503,0
DA:512,1
DA:538,1
DA:539,1
DA:544,1
DA:565,0
DA:566,0
DA:567,0
DA:568,0
DA:577,1
LF:171
LH:118
BRDA:43,0,0,1
BRDA:43,0,1,2
BRDA:57,1,0,6
BRDA:57,1,1,0
BRDA:74,2,0,10
BRDA:74,2,1,5
BRDA:82,3,0,2
BRDA:82,3,1,3
BRDA:83,4,0,0
BRDA:83,4,1,3
BRDA:84,5,0,0
BRDA:84,5,1,3
BRDA:85,6,0,0
BRDA:85,6,1,3
BRDA:90,7,0,4
BRDA:90,7,1,2
BRDA:90,7,2,0
BRDA:90,7,3,0
BRDA:90,7,4,0
BRDA:90,7,5,13
BRDA:107,8,0,4
BRDA:107,8,1,0
BRDA:107,8,2,0
BRDA:107,8,3,0
BRDA:107,8,4,7
BRDA:123,9,0,1
BRDA:123,9,1,2
BRDA:123,10,0,3
BRDA:123,10,1,1
BRDA:129,11,0,0
BRDA:129,11,1,2
BRDA:129,12,0,2
BRDA:129,12,1,0
BRDA:130,13,0,0
BRDA:130,13,1,2
BRDA:130,14,0,2
BRDA:130,14,1,2
BRDA:165,15,0,0
BRDA:165,15,1,13
BRDA:165,16,0,13
BRDA:165,16,1,13
BRDA:172,17,0,0
BRDA:172,17,1,13
BRDA:175,18,0,13
BRDA:175,18,1,0
BRDA:182,19,0,1
BRDA:182,19,1,3
BRDA:182,20,0,4
BRDA:182,20,1,3
BRDA:182,20,2,3
BRDA:185,21,0,2
BRDA:185,21,1,1
BRDA:198,22,0,0
BRDA:198,22,1,3
BRDA:200,23,0,3
BRDA:200,23,1,0
BRDA:207,24,0,3
BRDA:207,24,1,0
BRDA:215,25,0,0
BRDA:215,25,1,1
BRDA:223,26,0,1
BRDA:223,26,1,0
BRDA:224,27,0,1
BRDA:224,27,1,0
BRDA:229,28,0,0
BRDA:229,28,1,1
BRDA:231,29,0,1
BRDA:231,29,1,0
BRDA:238,30,0,0
BRDA:238,30,1,1
BRDA:238,31,0,1
BRDA:238,31,1,1
BRDA:247,32,0,1
BRDA:247,32,1,0
BRDA:248,33,0,1
BRDA:248,33,1,0
BRDA:256,34,0,13
BRDA:256,34,1,47
BRDA:256,35,0,60
BRDA:256,35,1,60
BRDA:256,35,2,60
BRDA:264,36,0,0
BRDA:264,36,1,13
BRDA:268,37,0,0
BRDA:268,37,1,0
BRDA:268,38,0,0
BRDA:268,38,1,0
BRDA:274,39,0,0
BRDA:274,39,1,0
BRDA:284,40,0,0
BRDA:284,40,1,0
BRDA:289,41,0,0
BRDA:289,41,1,0
BRDA:294,42,0,0
BRDA:294,42,1,0
BRDA:318,43,0,0
BRDA:318,43,1,0
BRDA:325,44,0,0
BRDA:325,44,1,0
BRDA:333,45,0,2
BRDA:333,45,1,17
BRDA:334,46,0,2
BRDA:334,46,1,15
BRDA:346,47,0,60
BRDA:346,47,1,60
BRDA:352,48,0,60
BRDA:352,48,1,60
BRDA:362,49,0,60
BRDA:362,49,1,0
BRDA:368,50,0,60
BRDA:368,50,1,0
BRDA:376,51,0,60
BRDA:376,51,1,0
BRDA:386,52,0,15
BRDA:386,52,1,45
BRDA:388,53,0,15
BRDA:388,53,1,45
BRDA:391,54,0,60
BRDA:391,54,1,15
BRDA:407,55,0,15
BRDA:407,55,1,11
BRDA:410,56,0,4
BRDA:410,56,1,11
BRDA:416,57,0,15
BRDA:416,57,1,6
BRDA:419,58,0,6
BRDA:419,58,1,2
BRDA:421,59,0,6
BRDA:421,59,1,0
BRDA:423,60,0,0
BRDA:423,60,1,2
BRDA:426,61,0,0
BRDA:426,61,1,0
BRDA:426,62,0,0
BRDA:426,62,1,0
BRDA:433,63,0,2
BRDA:433,63,1,0
BRDA:440,64,0,6
BRDA:440,64,1,6
BRDA:457,65,0,3
BRDA:457,65,1,12
BRDA:469,66,0,180
BRDA:469,66,1,60
BRDA:478,67,0,40
BRDA:478,67,1,20
BRDA:485,68,0,4
BRDA:485,68,1,15
BRDA:490,69,0,2
BRDA:490,69,1,17
BRDA:518,70,0,17
BRDA:518,70,1,4
BRDA:521,71,0,4
BRDA:521,71,1,13
BRDA:523,72,0,17
BRDA:523,72,1,5
BRDA:529,73,0,17
BRDA:529,73,1,9
BRDA:529,73,2,2
BRDA:567,74,0,0
BRDA:567,74,1,0
BRF:160
BRH:104
end_of_record
TN:
SF:src/app/spot/[id].tsx
FN:11,SpotScreen
FN:21,(anonymous_1)
FN:22,(anonymous_2)
FN:30,handleCheckin
FN:107,(anonymous_4)
FN:116,(anonymous_5)
FN:117,(anonymous_6)
FNF:7
FNH:6
FNDA:5,SpotScreen
FNDA:5,(anonymous_1)
FNDA:5,(anonymous_2)
FNDA:4,handleCheckin
FNDA:5,(anonymous_4)
FNDA:0,(anonymous_5)
FNDA:5,(anonymous_6)
DA:12,5
DA:13,5
DA:15,5
DA:17,5
DA:19,5
DA:21,5
DA:22,5
DA:25,5
DA:26,5
DA:28,5
DA:32,4
DA:34,4
DA:37,1
DA:38,1
DA:39,1
DA:40,1
DA:44,3
DA:45,0
DA:49,3
DA:50,3
DA:54,3
DA:55,3
DA:56,3
DA:59,3
DA:60,3
DA:61,3
DA:63,3
DA:64,1
DA:65,1
DA:66,1
DA:70,2
DA:82,2
DA:83,1
DA:84,1
DA:85,1
DA:86,1
DA:89,1
DA:100,5
DA:107,5
DA:116,0
DA:117,5
DA:129,1
LF:42
LH:40
BRDA:34,0,0,1
BRDA:34,0,1,3
BRDA:38,1,0,1
BRDA:38,1,1,0
BRDA:44,2,0,0
BRDA:44,2,1,3
BRDA:63,3,0,1
BRDA:63,3,1,2
BRDA:63,4,0,3
BRDA:63,4,1,3
BRDA:82,5,0,1
BRDA:82,5,1,1
BRDA:109,6,0,5
BRDA:109,6,1,0
BRDA:119,7,0,5
BRDA:119,7,1,0
BRF:16
BRH:12
end_of_record
TN:
SF:src/components/PomodoroTimer.tsx
FN:14,PomodoroTimer
FN:31,(anonymous_1)
FN:39,(anonymous_2)
FNF:3
FNH:2
FNDA:3,PomodoroTimer
FNDA:0,(anonymous_1)
FNDA:1,(anonymous_2)
DA:23,3
DA:27,3
DA:31,0
DA:39,1
DA:65,1
LF:5
LH:4
BRDA:32,0,0,3
BRDA:32,0,1,3
BRDA:34,1,0,3
BRDA:34,1,1,3
BRDA:40,2,0,3
BRDA:40,2,1,0
BRDA:42,3,0,3
BRDA:42,3,1,0
BRDA:53,4,0,0
BRDA:53,4,1,3
BRF:10
BRH:7
end_of_record
TN:
SF:src/components/RewardSystem.tsx
FN:13,(anonymous_0)
FN:106,(anonymous_1)
FN:120,(anonymous_2)
FN:120,(anonymous_3)
FN:156,(anonymous_4)
FNF:5
FNH:5
FNDA:12,(anonymous_0)
FNDA:90,(anonymous_1)
FNDA:3,(anonymous_2)
FNDA:3,(anonymous_3)
FNDA:8,(anonymous_4)
DA:13,1
DA:20,12
DA:22,12
DA:23,12
DA:24,12
DA:26,12
DA:27,12
DA:28,12
DA:31,12
DA:35,12
DA:37,12
DA:70,12
DA:76,12
DA:78,12
DA:80,12
DA:107,90
DA:120,3
DA:157,8
DA:196,1
LF:19
LH:19
BRDA:31,0,0,0
BRDA:31,0,1,12
BRDA:76,1,0,11
BRDA:76,1,1,1
BRDA:84,2,0,1
BRDA:84,2,1,11
BRDA:86,3,0,1
BRDA:86,3,1,10
BRDA:126,4,0,10
BRDA:126,4,1,2
BRDA:150,5,0,7
BRDA:150,5,1,3
BRDA:171,6,0,10
BRDA:171,6,1,9
BRF:14
BRH:13
end_of_record
TN:
SF:src/lib/notifications.tsx
FN:11,(anonymous_0)
FN:19,App
FN:27,(anonymous_2)
FN:28,(anonymous_3)
FN:31,(anonymous_4)
FN:33,(anonymous_5)
FN:37,(anonymous_6)
FN:41,(anonymous_7)
FN:56,(anonymous_8)
FN:67,(anonymous_9)
FN:75,registerForPushNotificationsAsync
FN:108,saveTokenToSupabase
FNF:12
FNH:3
FNDA:1,(anonymous_0)
FNDA:0,App
FNDA:0,(anonymous_2)
FNDA:0,(anonymous_3)
FNDA:0,(anonymous_4)
FNDA:0,(anonymous_5)
FNDA:0,(anonymous_6)
FNDA:0,(anonymous_7)
FNDA:0,(anonymous_8)
FNDA:0,(anonymous_9)
FNDA:7,registerForPushNotificationsAsync
FNDA:5,saveTokenToSupabase
DA:10,3
DA:11,1
DA:20,0
DA:21,0
DA:22,0
DA:25,0
DA:27,0
DA:28,0
DA:30,0
DA:31,0
DA:33,0
DA:34,0
DA:37,0
DA:38,0
DA:41,0
DA:42,0
DA:43,0
DA:47,0
DA:56,0
DA:68,0
DA:77,7
DA:78,6
DA:80,6
DA:81,3
DA:82,2
DA:85,5
DA:86,1
DA:87,1
DA:90,4
DA:91,4
DA:92,3
DA:93,3
DA:94,2
DA:95,2
DA:98,2
DA:99,1
DA:101,1
DA:103,2
DA:109,5
DA:111,4
DA:113,4
DA:119,3
LF:42
LH:24
BRDA:28,0,0,0
BRDA:28,0,1,0
BRDA:30,1,0,0
BRDA:30,1,1,0
BRDA:31,2,0,0
BRDA:31,2,1,0
BRDA:61,3,0,0
BRDA:61,3,1,0
BRDA:62,4,0,0
BRDA:62,4,1,0
BRDA:63,5,0,0
BRDA:63,5,1,0
BRDA:80,6,0,3
BRDA:80,6,1,3
BRDA:85,7,0,1
BRDA:85,7,1,4
BRDA:98,8,0,1
BRDA:98,8,1,1
BRDA:98,9,0,2
BRDA:98,9,1,1
BRDA:109,10,0,1
BRDA:109,10,1,4
BRDA:109,11,0,5
BRDA:109,11,1,4
BRF:24
BRH:12
end_of_record
TN:
SF:src/lib/supabase-client.tsx
FN:8,useSupabase
FN:12,(anonymous_1)
FN:21,(anonymous_2)
FNF:3
FNH:0
FNDA:0,useSupabase
FNDA:0,(anonymous_1)
FNDA:0,(anonymous_2)
DA:5,3
DA:6,3
DA:9,0
DA:12,0
DA:14,0
DA:15,0
DA:16,0
DA:19,0
DA:22,0
DA:23,0
DA:25,0
DA:26,0
DA:29,0
LF:13
LH:2
BRDA:14,0,0,0
BRDA:14,0,1,0
BRDA:14,1,0,0
BRDA:14,1,1,0
BRDA:21,2,0,0
BRDA:25,3,0,0
BRDA:25,3,1,0
BRF:7
BRH:0
end_of_record
TN:
SF:src/utils/cooldown.tsx
FN:1,canCheckIn
FNF:1
FNH:1
FNDA:1000,canCheckIn
DA:2,1000
DA:5,1000
DA:7,1000
LF:3
LH:3
BRDA:1,0,0,0
BRDA:2,1,0,0
BRDA:2,1,1,1000
BRF:3
BRH:1
end_of_record
TN:
SF:src/utils/timer.tsx
FN:8,calculateRemainingTime
FNF:1
FNH:1
FNDA:500,calculateRemainingTime
DA:12,500
DA:14,500
DA:15,500
DA:17,500
DA:20,500
LF:5
LH:5
BRF:0
BRH:0
end_of_record
